nohup: ignoring input
get train data loader...
total input dataset len: 1730
  0%|          | 0/1730 [00:00<?, ?it/s]100%|██████████| 1730/1730 [00:00<00:00, 27938.02it/s]
get dev data loader...
after process dataset len: 1730
total passed: 0
total input dataset len: 433
  0%|          | 0/433 [00:00<?, ?it/s]100%|██████████| 433/433 [00:00<00:00, 33094.62it/s]
define model...
Some weights of the model checkpoint at bert-large-uncased were not used when initializing BertModel: ['cls.predictions.transform.dense.weight', 'cls.predictions.transform.LayerNorm.bias', 'cls.seq_relationship.bias', 'cls.predictions.transform.dense.bias', 'cls.predictions.decoder.weight', 'cls.seq_relationship.weight', 'cls.predictions.transform.LayerNorm.weight', 'cls.predictions.bias']
- This IS expected if you are initializing BertModel from the checkpoint of a model trained on another task or with another architecture (e.g. initializing a BertForSequenceClassification model from a BertForPreTraining model).
- This IS NOT expected if you are initializing BertModel from the checkpoint of a model that you expect to be exactly identical (initializing a BertForSequenceClassification model from a BertForSequenceClassification model).
define optimizer...
/data/zhyma/miniconda3/lib/python3.8/site-packages/transformers/optimization.py:391: FutureWarning: This implementation of AdamW is deprecated and will be removed in a future version. Use the PyTorch implementation torch.optim.AdamW instead, or set `no_deprecation_warning=True` to disable this warning
  warnings.warn(
>>>>>>>>>>>>>>>>>>>start train......
epoch:0,	loss_g:0,	loss_d:0,	loss_c:100.61084607243538
>>>>>>>>>>>>>>>>>>>start evaluate......
code_right: 1793.0	code_total: 1976	M-tree codes acc: 0.9073886639676113
disc_right:1834,	disc_all:1976,	discriminator acc:0.9281376518218624
precision:0.9342451341399264,	recall:0.9905186837702176,	F1:0.9615592853275582
TP:1776.0,TN:58.0,FN:17.0,FP:125.0
correct_all_pred_right: 371.0	corrector_all_pred_total: 1976	corrector_all_pred acc: 0.18775303643724697
corrector_right: 0.0	corrector_total: 183.0	corrector acc: 0.0
final_code_right: 1776.0	final_code_total: 1976	final_code acc: 0.8987854251012146
save best model to ./output/corrector3/best_model
epoch:1,	loss_g:0,	loss_d:0,	loss_c:46.91174200177193
>>>>>>>>>>>>>>>>>>>start evaluate......
code_right: 1793.0	code_total: 1976	M-tree codes acc: 0.9073886639676113
disc_right:1834,	disc_all:1976,	discriminator acc:0.9281376518218624
precision:0.9342451341399264,	recall:0.9905186837702176,	F1:0.9615592853275582
TP:1776.0,TN:58.0,FN:17.0,FP:125.0
correct_all_pred_right: 357.0	corrector_all_pred_total: 1976	corrector_all_pred acc: 0.18066801619433198
corrector_right: 0.0	corrector_total: 183.0	corrector acc: 0.0
final_code_right: 1776.0	final_code_total: 1976	final_code acc: 0.8987854251012146
epoch:2,	loss_g:0,	loss_d:0,	loss_c:22.013627264648676
>>>>>>>>>>>>>>>>>>>start evaluate......
code_right: 1793.0	code_total: 1976	M-tree codes acc: 0.9073886639676113
disc_right:1834,	disc_all:1976,	discriminator acc:0.9281376518218624
precision:0.9342451341399264,	recall:0.9905186837702176,	F1:0.9615592853275582
TP:1776.0,TN:58.0,FN:17.0,FP:125.0
correct_all_pred_right: 780.0	corrector_all_pred_total: 1976	corrector_all_pred acc: 0.39473684210526316
corrector_right: 0.0	corrector_total: 183.0	corrector acc: 0.0
final_code_right: 1776.0	final_code_total: 1976	final_code acc: 0.8987854251012146
epoch:3,	loss_g:0,	loss_d:0,	loss_c:13.957648811861873
>>>>>>>>>>>>>>>>>>>start evaluate......
code_right: 1793.0	code_total: 1976	M-tree codes acc: 0.9073886639676113
disc_right:1834,	disc_all:1976,	discriminator acc:0.9281376518218624
precision:0.9342451341399264,	recall:0.9905186837702176,	F1:0.9615592853275582
TP:1776.0,TN:58.0,FN:17.0,FP:125.0
correct_all_pred_right: 1086.0	corrector_all_pred_total: 1976	corrector_all_pred acc: 0.5495951417004049
corrector_right: 4.0	corrector_total: 183.0	corrector acc: 0.02185792349726776
final_code_right: 1776.0	final_code_total: 1976	final_code acc: 0.8987854251012146
save best model to ./output/corrector3/best_model
epoch:4,	loss_g:0,	loss_d:0,	loss_c:11.418631320819259
>>>>>>>>>>>>>>>>>>>start evaluate......
code_right: 1793.0	code_total: 1976	M-tree codes acc: 0.9073886639676113
disc_right:1834,	disc_all:1976,	discriminator acc:0.9281376518218624
precision:0.9342451341399264,	recall:0.9905186837702176,	F1:0.9615592853275582
TP:1776.0,TN:58.0,FN:17.0,FP:125.0
correct_all_pred_right: 1301.0	corrector_all_pred_total: 1976	corrector_all_pred acc: 0.6584008097165992
corrector_right: 10.0	corrector_total: 183.0	corrector acc: 0.0546448087431694
final_code_right: 1776.0	final_code_total: 1976	final_code acc: 0.8987854251012146
save best model to ./output/corrector3/best_model
epoch:5,	loss_g:0,	loss_d:0,	loss_c:9.774572778493166
>>>>>>>>>>>>>>>>>>>start evaluate......
code_right: 1793.0	code_total: 1976	M-tree codes acc: 0.9073886639676113
disc_right:1834,	disc_all:1976,	discriminator acc:0.9281376518218624
precision:0.9342451341399264,	recall:0.9905186837702176,	F1:0.9615592853275582
TP:1776.0,TN:58.0,FN:17.0,FP:125.0
correct_all_pred_right: 1453.0	corrector_all_pred_total: 1976	corrector_all_pred acc: 0.7353238866396761
corrector_right: 12.0	corrector_total: 183.0	corrector acc: 0.06557377049180328
final_code_right: 1777.0	final_code_total: 1976	final_code acc: 0.8992914979757085
save best model to ./output/corrector3/best_model
epoch:6,	loss_g:0,	loss_d:0,	loss_c:8.437422681599855
>>>>>>>>>>>>>>>>>>>start evaluate......
code_right: 1793.0	code_total: 1976	M-tree codes acc: 0.9073886639676113
disc_right:1834,	disc_all:1976,	discriminator acc:0.9281376518218624
precision:0.9342451341399264,	recall:0.9905186837702176,	F1:0.9615592853275582
TP:1776.0,TN:58.0,FN:17.0,FP:125.0
correct_all_pred_right: 1560.0	corrector_all_pred_total: 1976	corrector_all_pred acc: 0.7894736842105263
corrector_right: 13.0	corrector_total: 183.0	corrector acc: 0.07103825136612021
final_code_right: 1779.0	final_code_total: 1976	final_code acc: 0.9003036437246964
save best model to ./output/corrector3/best_model
epoch:7,	loss_g:0,	loss_d:0,	loss_c:7.13694525975734
>>>>>>>>>>>>>>>>>>>start evaluate......
code_right: 1793.0	code_total: 1976	M-tree codes acc: 0.9073886639676113
disc_right:1834,	disc_all:1976,	discriminator acc:0.9281376518218624
precision:0.9342451341399264,	recall:0.9905186837702176,	F1:0.9615592853275582
TP:1776.0,TN:58.0,FN:17.0,FP:125.0
correct_all_pred_right: 1614.0	corrector_all_pred_total: 1976	corrector_all_pred acc: 0.8168016194331984
corrector_right: 15.0	corrector_total: 183.0	corrector acc: 0.08196721311475409
final_code_right: 1788.0	final_code_total: 1976	final_code acc: 0.9048582995951417
save best model to ./output/corrector3/best_model
epoch:8,	loss_g:0,	loss_d:0,	loss_c:6.320699053350836
>>>>>>>>>>>>>>>>>>>start evaluate......
code_right: 1793.0	code_total: 1976	M-tree codes acc: 0.9073886639676113
disc_right:1834,	disc_all:1976,	discriminator acc:0.9281376518218624
precision:0.9342451341399264,	recall:0.9905186837702176,	F1:0.9615592853275582
TP:1776.0,TN:58.0,FN:17.0,FP:125.0
correct_all_pred_right: 1673.0	corrector_all_pred_total: 1976	corrector_all_pred acc: 0.84665991902834
corrector_right: 16.0	corrector_total: 183.0	corrector acc: 0.08743169398907104
final_code_right: 1788.0	final_code_total: 1976	final_code acc: 0.9048582995951417
save best model to ./output/corrector3/best_model
epoch:9,	loss_g:0,	loss_d:0,	loss_c:5.156096839345992
>>>>>>>>>>>>>>>>>>>start evaluate......
code_right: 1793.0	code_total: 1976	M-tree codes acc: 0.9073886639676113
disc_right:1834,	disc_all:1976,	discriminator acc:0.9281376518218624
precision:0.9342451341399264,	recall:0.9905186837702176,	F1:0.9615592853275582
TP:1776.0,TN:58.0,FN:17.0,FP:125.0
correct_all_pred_right: 1718.0	corrector_all_pred_total: 1976	corrector_all_pred acc: 0.8694331983805668
corrector_right: 16.0	corrector_total: 183.0	corrector acc: 0.08743169398907104
final_code_right: 1789.0	final_code_total: 1976	final_code acc: 0.9053643724696356
epoch:10,	loss_g:0,	loss_d:0,	loss_c:4.423758065328002
>>>>>>>>>>>>>>>>>>>start evaluate......
code_right: 1793.0	code_total: 1976	M-tree codes acc: 0.9073886639676113
disc_right:1834,	disc_all:1976,	discriminator acc:0.9281376518218624
precision:0.9342451341399264,	recall:0.9905186837702176,	F1:0.9615592853275582
TP:1776.0,TN:58.0,FN:17.0,FP:125.0
correct_all_pred_right: 1747.0	corrector_all_pred_total: 1976	corrector_all_pred acc: 0.8841093117408907
corrector_right: 17.0	corrector_total: 183.0	corrector acc: 0.09289617486338798
final_code_right: 1792.0	final_code_total: 1976	final_code acc: 0.9068825910931174
save best model to ./output/corrector3/best_model
epoch:11,	loss_g:0,	loss_d:0,	loss_c:3.7961757611483335
>>>>>>>>>>>>>>>>>>>start evaluate......
code_right: 1793.0	code_total: 1976	M-tree codes acc: 0.9073886639676113
disc_right:1834,	disc_all:1976,	discriminator acc:0.9281376518218624
precision:0.9342451341399264,	recall:0.9905186837702176,	F1:0.9615592853275582
TP:1776.0,TN:58.0,FN:17.0,FP:125.0
correct_all_pred_right: 1728.0	corrector_all_pred_total: 1976	corrector_all_pred acc: 0.8744939271255061
corrector_right: 17.0	corrector_total: 183.0	corrector acc: 0.09289617486338798
final_code_right: 1792.0	final_code_total: 1976	final_code acc: 0.9068825910931174
epoch:12,	loss_g:0,	loss_d:0,	loss_c:3.34907276625745
>>>>>>>>>>>>>>>>>>>start evaluate......
code_right: 1793.0	code_total: 1976	M-tree codes acc: 0.9073886639676113
disc_right:1834,	disc_all:1976,	discriminator acc:0.9281376518218624
precision:0.9342451341399264,	recall:0.9905186837702176,	F1:0.9615592853275582
TP:1776.0,TN:58.0,FN:17.0,FP:125.0
correct_all_pred_right: 1748.0	corrector_all_pred_total: 1976	corrector_all_pred acc: 0.8846153846153846
corrector_right: 16.0	corrector_total: 183.0	corrector acc: 0.08743169398907104
final_code_right: 1790.0	final_code_total: 1976	final_code acc: 0.9058704453441295
epoch:13,	loss_g:0,	loss_d:0,	loss_c:2.9873695105779916
>>>>>>>>>>>>>>>>>>>start evaluate......
code_right: 1793.0	code_total: 1976	M-tree codes acc: 0.9073886639676113
disc_right:1834,	disc_all:1976,	discriminator acc:0.9281376518218624
precision:0.9342451341399264,	recall:0.9905186837702176,	F1:0.9615592853275582
TP:1776.0,TN:58.0,FN:17.0,FP:125.0
correct_all_pred_right: 1780.0	corrector_all_pred_total: 1976	corrector_all_pred acc: 0.9008097165991903
corrector_right: 20.0	corrector_total: 183.0	corrector acc: 0.1092896174863388
final_code_right: 1794.0	final_code_total: 1976	final_code acc: 0.9078947368421053
save best model to ./output/corrector3/best_model
epoch:14,	loss_g:0,	loss_d:0,	loss_c:2.6335857844678685
>>>>>>>>>>>>>>>>>>>start evaluate......
code_right: 1793.0	code_total: 1976	M-tree codes acc: 0.9073886639676113
disc_right:1834,	disc_all:1976,	discriminator acc:0.9281376518218624
precision:0.9342451341399264,	recall:0.9905186837702176,	F1:0.9615592853275582
TP:1776.0,TN:58.0,FN:17.0,FP:125.0
correct_all_pred_right: 1787.0	corrector_all_pred_total: 1976	corrector_all_pred acc: 0.9043522267206477
corrector_right: 25.0	corrector_total: 183.0	corrector acc: 0.1366120218579235
final_code_right: 1794.0	final_code_total: 1976	final_code acc: 0.9078947368421053
save best model to ./output/corrector3/best_model
epoch:15,	loss_g:0,	loss_d:0,	loss_c:4.737787800608203
>>>>>>>>>>>>>>>>>>>start evaluate......
code_right: 1793.0	code_total: 1976	M-tree codes acc: 0.9073886639676113
disc_right:1834,	disc_all:1976,	discriminator acc:0.9281376518218624
precision:0.9342451341399264,	recall:0.9905186837702176,	F1:0.9615592853275582
TP:1776.0,TN:58.0,FN:17.0,FP:125.0
correct_all_pred_right: 1707.0	corrector_all_pred_total: 1976	corrector_all_pred acc: 0.8638663967611336
corrector_right: 17.0	corrector_total: 183.0	corrector acc: 0.09289617486338798
final_code_right: 1784.0	final_code_total: 1976	final_code acc: 0.902834008097166
epoch:16,	loss_g:0,	loss_d:0,	loss_c:2.550408224458806
>>>>>>>>>>>>>>>>>>>start evaluate......
code_right: 1793.0	code_total: 1976	M-tree codes acc: 0.9073886639676113
disc_right:1834,	disc_all:1976,	discriminator acc:0.9281376518218624
precision:0.9342451341399264,	recall:0.9905186837702176,	F1:0.9615592853275582
TP:1776.0,TN:58.0,FN:17.0,FP:125.0
correct_all_pred_right: 1783.0	corrector_all_pred_total: 1976	corrector_all_pred acc: 0.9023279352226721
corrector_right: 20.0	corrector_total: 183.0	corrector acc: 0.1092896174863388
final_code_right: 1794.0	final_code_total: 1976	final_code acc: 0.9078947368421053
epoch:17,	loss_g:0,	loss_d:0,	loss_c:2.207673291442916
>>>>>>>>>>>>>>>>>>>start evaluate......
code_right: 1793.0	code_total: 1976	M-tree codes acc: 0.9073886639676113
disc_right:1834,	disc_all:1976,	discriminator acc:0.9281376518218624
precision:0.9342451341399264,	recall:0.9905186837702176,	F1:0.9615592853275582
TP:1776.0,TN:58.0,FN:17.0,FP:125.0
correct_all_pred_right: 1800.0	corrector_all_pred_total: 1976	corrector_all_pred acc: 0.9109311740890689
corrector_right: 26.0	corrector_total: 183.0	corrector acc: 0.14207650273224043
final_code_right: 1796.0	final_code_total: 1976	final_code acc: 0.9089068825910931
save best model to ./output/corrector3/best_model
epoch:18,	loss_g:0,	loss_d:0,	loss_c:2.111646559322253
>>>>>>>>>>>>>>>>>>>start evaluate......
code_right: 1793.0	code_total: 1976	M-tree codes acc: 0.9073886639676113
disc_right:1834,	disc_all:1976,	discriminator acc:0.9281376518218624
precision:0.9342451341399264,	recall:0.9905186837702176,	F1:0.9615592853275582
TP:1776.0,TN:58.0,FN:17.0,FP:125.0
correct_all_pred_right: 1799.0	corrector_all_pred_total: 1976	corrector_all_pred acc: 0.9104251012145749
corrector_right: 26.0	corrector_total: 183.0	corrector acc: 0.14207650273224043
final_code_right: 1796.0	final_code_total: 1976	final_code acc: 0.9089068825910931
epoch:19,	loss_g:0,	loss_d:0,	loss_c:1.9708002842962742
>>>>>>>>>>>>>>>>>>>start evaluate......
code_right: 1793.0	code_total: 1976	M-tree codes acc: 0.9073886639676113
disc_right:1834,	disc_all:1976,	discriminator acc:0.9281376518218624
precision:0.9342451341399264,	recall:0.9905186837702176,	F1:0.9615592853275582
TP:1776.0,TN:58.0,FN:17.0,FP:125.0
correct_all_pred_right: 1797.0	corrector_all_pred_total: 1976	corrector_all_pred acc: 0.9094129554655871
corrector_right: 23.0	corrector_total: 183.0	corrector acc: 0.12568306010928962
final_code_right: 1797.0	final_code_total: 1976	final_code acc: 0.9094129554655871
epoch:20,	loss_g:0,	loss_d:0,	loss_c:1.957264904747717
>>>>>>>>>>>>>>>>>>>start evaluate......
code_right: 1793.0	code_total: 1976	M-tree codes acc: 0.9073886639676113
disc_right:1834,	disc_all:1976,	discriminator acc:0.9281376518218624
precision:0.9342451341399264,	recall:0.9905186837702176,	F1:0.9615592853275582
TP:1776.0,TN:58.0,FN:17.0,FP:125.0
correct_all_pred_right: 1786.0	corrector_all_pred_total: 1976	corrector_all_pred acc: 0.9038461538461539
corrector_right: 27.0	corrector_total: 183.0	corrector acc: 0.14754098360655737
final_code_right: 1798.0	final_code_total: 1976	final_code acc: 0.909919028340081
save best model to ./output/corrector3/best_model
epoch:21,	loss_g:0,	loss_d:0,	loss_c:1.8645268947002478
>>>>>>>>>>>>>>>>>>>start evaluate......
code_right: 1793.0	code_total: 1976	M-tree codes acc: 0.9073886639676113
disc_right:1834,	disc_all:1976,	discriminator acc:0.9281376518218624
precision:0.9342451341399264,	recall:0.9905186837702176,	F1:0.9615592853275582
TP:1776.0,TN:58.0,FN:17.0,FP:125.0
correct_all_pred_right: 1793.0	corrector_all_pred_total: 1976	corrector_all_pred acc: 0.9073886639676113
corrector_right: 23.0	corrector_total: 183.0	corrector acc: 0.12568306010928962
final_code_right: 1797.0	final_code_total: 1976	final_code acc: 0.9094129554655871
epoch:22,	loss_g:0,	loss_d:0,	loss_c:1.8128372091450728
>>>>>>>>>>>>>>>>>>>start evaluate......
code_right: 1793.0	code_total: 1976	M-tree codes acc: 0.9073886639676113
disc_right:1834,	disc_all:1976,	discriminator acc:0.9281376518218624
precision:0.9342451341399264,	recall:0.9905186837702176,	F1:0.9615592853275582
TP:1776.0,TN:58.0,FN:17.0,FP:125.0
correct_all_pred_right: 1791.0	corrector_all_pred_total: 1976	corrector_all_pred acc: 0.9063765182186235
corrector_right: 24.0	corrector_total: 183.0	corrector acc: 0.13114754098360656
final_code_right: 1797.0	final_code_total: 1976	final_code acc: 0.9094129554655871
epoch:23,	loss_g:0,	loss_d:0,	loss_c:1.8117118677473627
>>>>>>>>>>>>>>>>>>>start evaluate......
code_right: 1793.0	code_total: 1976	M-tree codes acc: 0.9073886639676113
disc_right:1834,	disc_all:1976,	discriminator acc:0.9281376518218624
precision:0.9342451341399264,	recall:0.9905186837702176,	F1:0.9615592853275582
TP:1776.0,TN:58.0,FN:17.0,FP:125.0
correct_all_pred_right: 1793.0	corrector_all_pred_total: 1976	corrector_all_pred acc: 0.9073886639676113
corrector_right: 24.0	corrector_total: 183.0	corrector acc: 0.13114754098360656
final_code_right: 1796.0	final_code_total: 1976	final_code acc: 0.9089068825910931
epoch:24,	loss_g:0,	loss_d:0,	loss_c:1.7052844517165795
>>>>>>>>>>>>>>>>>>>start evaluate......
code_right: 1793.0	code_total: 1976	M-tree codes acc: 0.9073886639676113
disc_right:1834,	disc_all:1976,	discriminator acc:0.9281376518218624
precision:0.9342451341399264,	recall:0.9905186837702176,	F1:0.9615592853275582
TP:1776.0,TN:58.0,FN:17.0,FP:125.0
correct_all_pred_right: 1796.0	corrector_all_pred_total: 1976	corrector_all_pred acc: 0.9089068825910931
corrector_right: 24.0	corrector_total: 183.0	corrector acc: 0.13114754098360656
final_code_right: 1798.0	final_code_total: 1976	final_code acc: 0.909919028340081
epoch:25,	loss_g:0,	loss_d:0,	loss_c:1.6617814917117357
>>>>>>>>>>>>>>>>>>>start evaluate......
code_right: 1793.0	code_total: 1976	M-tree codes acc: 0.9073886639676113
disc_right:1834,	disc_all:1976,	discriminator acc:0.9281376518218624
precision:0.9342451341399264,	recall:0.9905186837702176,	F1:0.9615592853275582
TP:1776.0,TN:58.0,FN:17.0,FP:125.0
correct_all_pred_right: 1785.0	corrector_all_pred_total: 1976	corrector_all_pred acc: 0.90334008097166
corrector_right: 17.0	corrector_total: 183.0	corrector acc: 0.09289617486338798
final_code_right: 1796.0	final_code_total: 1976	final_code acc: 0.9089068825910931
epoch:26,	loss_g:0,	loss_d:0,	loss_c:1.671399615239352
>>>>>>>>>>>>>>>>>>>start evaluate......
code_right: 1793.0	code_total: 1976	M-tree codes acc: 0.9073886639676113
disc_right:1834,	disc_all:1976,	discriminator acc:0.9281376518218624
precision:0.9342451341399264,	recall:0.9905186837702176,	F1:0.9615592853275582
TP:1776.0,TN:58.0,FN:17.0,FP:125.0
correct_all_pred_right: 1793.0	corrector_all_pred_total: 1976	corrector_all_pred acc: 0.9073886639676113
corrector_right: 20.0	corrector_total: 183.0	corrector acc: 0.1092896174863388
final_code_right: 1798.0	final_code_total: 1976	final_code acc: 0.909919028340081
epoch:27,	loss_g:0,	loss_d:0,	loss_c:1.5954257574630901
>>>>>>>>>>>>>>>>>>>start evaluate......
code_right: 1793.0	code_total: 1976	M-tree codes acc: 0.9073886639676113
disc_right:1834,	disc_all:1976,	discriminator acc:0.9281376518218624
precision:0.9342451341399264,	recall:0.9905186837702176,	F1:0.9615592853275582
TP:1776.0,TN:58.0,FN:17.0,FP:125.0
correct_all_pred_right: 1794.0	corrector_all_pred_total: 1976	corrector_all_pred acc: 0.9078947368421053
corrector_right: 17.0	corrector_total: 183.0	corrector acc: 0.09289617486338798
final_code_right: 1796.0	final_code_total: 1976	final_code acc: 0.9089068825910931
epoch:28,	loss_g:0,	loss_d:0,	loss_c:1.5644627123256214
>>>>>>>>>>>>>>>>>>>start evaluate......
code_right: 1793.0	code_total: 1976	M-tree codes acc: 0.9073886639676113
disc_right:1834,	disc_all:1976,	discriminator acc:0.9281376518218624
precision:0.9342451341399264,	recall:0.9905186837702176,	F1:0.9615592853275582
TP:1776.0,TN:58.0,FN:17.0,FP:125.0
correct_all_pred_right: 1779.0	corrector_all_pred_total: 1976	corrector_all_pred acc: 0.9003036437246964
corrector_right: 20.0	corrector_total: 183.0	corrector acc: 0.1092896174863388
final_code_right: 1799.0	final_code_total: 1976	final_code acc: 0.9104251012145749
epoch:29,	loss_g:0,	loss_d:0,	loss_c:1.545215393183753
>>>>>>>>>>>>>>>>>>>start evaluate......
code_right: 1793.0	code_total: 1976	M-tree codes acc: 0.9073886639676113
disc_right:1834,	disc_all:1976,	discriminator acc:0.9281376518218624
precision:0.9342451341399264,	recall:0.9905186837702176,	F1:0.9615592853275582
TP:1776.0,TN:58.0,FN:17.0,FP:125.0
correct_all_pred_right: 1786.0	corrector_all_pred_total: 1976	corrector_all_pred acc: 0.9038461538461539
corrector_right: 21.0	corrector_total: 183.0	corrector acc: 0.11475409836065574
final_code_right: 1797.0	final_code_total: 1976	final_code acc: 0.9094129554655871
epoch:30,	loss_g:0,	loss_d:0,	loss_c:1.4421496825525537
>>>>>>>>>>>>>>>>>>>start evaluate......
code_right: 1793.0	code_total: 1976	M-tree codes acc: 0.9073886639676113
disc_right:1834,	disc_all:1976,	discriminator acc:0.9281376518218624
precision:0.9342451341399264,	recall:0.9905186837702176,	F1:0.9615592853275582
TP:1776.0,TN:58.0,FN:17.0,FP:125.0
correct_all_pred_right: 1790.0	corrector_all_pred_total: 1976	corrector_all_pred acc: 0.9058704453441295
corrector_right: 19.0	corrector_total: 183.0	corrector acc: 0.10382513661202186
final_code_right: 1799.0	final_code_total: 1976	final_code acc: 0.9104251012145749
epoch:31,	loss_g:0,	loss_d:0,	loss_c:1.4137207893654704
>>>>>>>>>>>>>>>>>>>start evaluate......
code_right: 1793.0	code_total: 1976	M-tree codes acc: 0.9073886639676113
disc_right:1834,	disc_all:1976,	discriminator acc:0.9281376518218624
precision:0.9342451341399264,	recall:0.9905186837702176,	F1:0.9615592853275582
TP:1776.0,TN:58.0,FN:17.0,FP:125.0
correct_all_pred_right: 1778.0	corrector_all_pred_total: 1976	corrector_all_pred acc: 0.8997975708502024
corrector_right: 18.0	corrector_total: 183.0	corrector acc: 0.09836065573770492
final_code_right: 1795.0	final_code_total: 1976	final_code acc: 0.9084008097165992
epoch:32,	loss_g:0,	loss_d:0,	loss_c:1.3807860684464686
>>>>>>>>>>>>>>>>>>>start evaluate......
code_right: 1793.0	code_total: 1976	M-tree codes acc: 0.9073886639676113
disc_right:1834,	disc_all:1976,	discriminator acc:0.9281376518218624
precision:0.9342451341399264,	recall:0.9905186837702176,	F1:0.9615592853275582
TP:1776.0,TN:58.0,FN:17.0,FP:125.0
correct_all_pred_right: 1786.0	corrector_all_pred_total: 1976	corrector_all_pred acc: 0.9038461538461539
corrector_right: 16.0	corrector_total: 183.0	corrector acc: 0.08743169398907104
final_code_right: 1799.0	final_code_total: 1976	final_code acc: 0.9104251012145749
epoch:33,	loss_g:0,	loss_d:0,	loss_c:1.321155934710987
>>>>>>>>>>>>>>>>>>>start evaluate......
code_right: 1793.0	code_total: 1976	M-tree codes acc: 0.9073886639676113
disc_right:1834,	disc_all:1976,	discriminator acc:0.9281376518218624
precision:0.9342451341399264,	recall:0.9905186837702176,	F1:0.9615592853275582
TP:1776.0,TN:58.0,FN:17.0,FP:125.0
correct_all_pred_right: 1780.0	corrector_all_pred_total: 1976	corrector_all_pred acc: 0.9008097165991903
corrector_right: 23.0	corrector_total: 183.0	corrector acc: 0.12568306010928962
final_code_right: 1799.0	final_code_total: 1976	final_code acc: 0.9104251012145749
epoch:34,	loss_g:0,	loss_d:0,	loss_c:1.3191279559978284
>>>>>>>>>>>>>>>>>>>start evaluate......
code_right: 1793.0	code_total: 1976	M-tree codes acc: 0.9073886639676113
disc_right:1834,	disc_all:1976,	discriminator acc:0.9281376518218624
precision:0.9342451341399264,	recall:0.9905186837702176,	F1:0.9615592853275582
TP:1776.0,TN:58.0,FN:17.0,FP:125.0
correct_all_pred_right: 1784.0	corrector_all_pred_total: 1976	corrector_all_pred acc: 0.902834008097166
corrector_right: 16.0	corrector_total: 183.0	corrector acc: 0.08743169398907104
final_code_right: 1794.0	final_code_total: 1976	final_code acc: 0.9078947368421053
epoch:35,	loss_g:0,	loss_d:0,	loss_c:1.309027225128375
>>>>>>>>>>>>>>>>>>>start evaluate......
code_right: 1793.0	code_total: 1976	M-tree codes acc: 0.9073886639676113
disc_right:1834,	disc_all:1976,	discriminator acc:0.9281376518218624
precision:0.9342451341399264,	recall:0.9905186837702176,	F1:0.9615592853275582
TP:1776.0,TN:58.0,FN:17.0,FP:125.0
correct_all_pred_right: 1781.0	corrector_all_pred_total: 1976	corrector_all_pred acc: 0.9013157894736842
corrector_right: 19.0	corrector_total: 183.0	corrector acc: 0.10382513661202186
final_code_right: 1799.0	final_code_total: 1976	final_code acc: 0.9104251012145749
epoch:36,	loss_g:0,	loss_d:0,	loss_c:1.2263662653567735
>>>>>>>>>>>>>>>>>>>start evaluate......
code_right: 1793.0	code_total: 1976	M-tree codes acc: 0.9073886639676113
disc_right:1834,	disc_all:1976,	discriminator acc:0.9281376518218624
precision:0.9342451341399264,	recall:0.9905186837702176,	F1:0.9615592853275582
TP:1776.0,TN:58.0,FN:17.0,FP:125.0
correct_all_pred_right: 1789.0	corrector_all_pred_total: 1976	corrector_all_pred acc: 0.9053643724696356
corrector_right: 28.0	corrector_total: 183.0	corrector acc: 0.15300546448087432
final_code_right: 1802.0	final_code_total: 1976	final_code acc: 0.9119433198380567
save best model to ./output/corrector3/best_model
epoch:37,	loss_g:0,	loss_d:0,	loss_c:1.2228567152051255
>>>>>>>>>>>>>>>>>>>start evaluate......
code_right: 1793.0	code_total: 1976	M-tree codes acc: 0.9073886639676113
disc_right:1834,	disc_all:1976,	discriminator acc:0.9281376518218624
precision:0.9342451341399264,	recall:0.9905186837702176,	F1:0.9615592853275582
TP:1776.0,TN:58.0,FN:17.0,FP:125.0
correct_all_pred_right: 1791.0	corrector_all_pred_total: 1976	corrector_all_pred acc: 0.9063765182186235
corrector_right: 26.0	corrector_total: 183.0	corrector acc: 0.14207650273224043
final_code_right: 1799.0	final_code_total: 1976	final_code acc: 0.9104251012145749
epoch:38,	loss_g:0,	loss_d:0,	loss_c:1.1556509403744712
>>>>>>>>>>>>>>>>>>>start evaluate......
code_right: 1793.0	code_total: 1976	M-tree codes acc: 0.9073886639676113
disc_right:1834,	disc_all:1976,	discriminator acc:0.9281376518218624
precision:0.9342451341399264,	recall:0.9905186837702176,	F1:0.9615592853275582
TP:1776.0,TN:58.0,FN:17.0,FP:125.0
correct_all_pred_right: 1786.0	corrector_all_pred_total: 1976	corrector_all_pred acc: 0.9038461538461539
corrector_right: 26.0	corrector_total: 183.0	corrector acc: 0.14207650273224043
final_code_right: 1799.0	final_code_total: 1976	final_code acc: 0.9104251012145749
epoch:39,	loss_g:0,	loss_d:0,	loss_c:1.1541882623569109
>>>>>>>>>>>>>>>>>>>start evaluate......
code_right: 1793.0	code_total: 1976	M-tree codes acc: 0.9073886639676113
disc_right:1834,	disc_all:1976,	discriminator acc:0.9281376518218624
precision:0.9342451341399264,	recall:0.9905186837702176,	F1:0.9615592853275582
TP:1776.0,TN:58.0,FN:17.0,FP:125.0
correct_all_pred_right: 1791.0	corrector_all_pred_total: 1976	corrector_all_pred acc: 0.9063765182186235
corrector_right: 29.0	corrector_total: 183.0	corrector acc: 0.15846994535519127
final_code_right: 1802.0	final_code_total: 1976	final_code acc: 0.9119433198380567
save best model to ./output/corrector3/best_model
epoch:40,	loss_g:0,	loss_d:0,	loss_c:1.120417693280615
>>>>>>>>>>>>>>>>>>>start evaluate......
code_right: 1793.0	code_total: 1976	M-tree codes acc: 0.9073886639676113
disc_right:1834,	disc_all:1976,	discriminator acc:0.9281376518218624
precision:0.9342451341399264,	recall:0.9905186837702176,	F1:0.9615592853275582
TP:1776.0,TN:58.0,FN:17.0,FP:125.0
correct_all_pred_right: 1783.0	corrector_all_pred_total: 1976	corrector_all_pred acc: 0.9023279352226721
corrector_right: 21.0	corrector_total: 183.0	corrector acc: 0.11475409836065574
final_code_right: 1795.0	final_code_total: 1976	final_code acc: 0.9084008097165992
epoch:41,	loss_g:0,	loss_d:0,	loss_c:1.0780305359512568
>>>>>>>>>>>>>>>>>>>start evaluate......
code_right: 1793.0	code_total: 1976	M-tree codes acc: 0.9073886639676113
disc_right:1834,	disc_all:1976,	discriminator acc:0.9281376518218624
precision:0.9342451341399264,	recall:0.9905186837702176,	F1:0.9615592853275582
TP:1776.0,TN:58.0,FN:17.0,FP:125.0
correct_all_pred_right: 1790.0	corrector_all_pred_total: 1976	corrector_all_pred acc: 0.9058704453441295
corrector_right: 25.0	corrector_total: 183.0	corrector acc: 0.1366120218579235
final_code_right: 1800.0	final_code_total: 1976	final_code acc: 0.9109311740890689
epoch:42,	loss_g:0,	loss_d:0,	loss_c:1.0793009930057451
>>>>>>>>>>>>>>>>>>>start evaluate......
code_right: 1793.0	code_total: 1976	M-tree codes acc: 0.9073886639676113
disc_right:1834,	disc_all:1976,	discriminator acc:0.9281376518218624
precision:0.9342451341399264,	recall:0.9905186837702176,	F1:0.9615592853275582
TP:1776.0,TN:58.0,FN:17.0,FP:125.0
correct_all_pred_right: 1784.0	corrector_all_pred_total: 1976	corrector_all_pred acc: 0.902834008097166
corrector_right: 26.0	corrector_total: 183.0	corrector acc: 0.14207650273224043
final_code_right: 1800.0	final_code_total: 1976	final_code acc: 0.9109311740890689
epoch:43,	loss_g:0,	loss_d:0,	loss_c:1.0743871207232587
>>>>>>>>>>>>>>>>>>>start evaluate......
code_right: 1793.0	code_total: 1976	M-tree codes acc: 0.9073886639676113
disc_right:1834,	disc_all:1976,	discriminator acc:0.9281376518218624
precision:0.9342451341399264,	recall:0.9905186837702176,	F1:0.9615592853275582
TP:1776.0,TN:58.0,FN:17.0,FP:125.0
correct_all_pred_right: 1781.0	corrector_all_pred_total: 1976	corrector_all_pred acc: 0.9013157894736842
corrector_right: 26.0	corrector_total: 183.0	corrector acc: 0.14207650273224043
final_code_right: 1797.0	final_code_total: 1976	final_code acc: 0.9094129554655871
epoch:44,	loss_g:0,	loss_d:0,	loss_c:1.0452384348609485
>>>>>>>>>>>>>>>>>>>start evaluate......
code_right: 1793.0	code_total: 1976	M-tree codes acc: 0.9073886639676113
disc_right:1834,	disc_all:1976,	discriminator acc:0.9281376518218624
precision:0.9342451341399264,	recall:0.9905186837702176,	F1:0.9615592853275582
TP:1776.0,TN:58.0,FN:17.0,FP:125.0
correct_all_pred_right: 1783.0	corrector_all_pred_total: 1976	corrector_all_pred acc: 0.9023279352226721
corrector_right: 29.0	corrector_total: 183.0	corrector acc: 0.15846994535519127
final_code_right: 1801.0	final_code_total: 1976	final_code acc: 0.9114372469635628
epoch:45,	loss_g:0,	loss_d:0,	loss_c:1.0498646986670792
>>>>>>>>>>>>>>>>>>>start evaluate......
code_right: 1793.0	code_total: 1976	M-tree codes acc: 0.9073886639676113
disc_right:1834,	disc_all:1976,	discriminator acc:0.9281376518218624
precision:0.9342451341399264,	recall:0.9905186837702176,	F1:0.9615592853275582
TP:1776.0,TN:58.0,FN:17.0,FP:125.0
correct_all_pred_right: 1788.0	corrector_all_pred_total: 1976	corrector_all_pred acc: 0.9048582995951417
corrector_right: 29.0	corrector_total: 183.0	corrector acc: 0.15846994535519127
final_code_right: 1799.0	final_code_total: 1976	final_code acc: 0.9104251012145749
epoch:46,	loss_g:0,	loss_d:0,	loss_c:1.1068170922226273
>>>>>>>>>>>>>>>>>>>start evaluate......
code_right: 1793.0	code_total: 1976	M-tree codes acc: 0.9073886639676113
disc_right:1834,	disc_all:1976,	discriminator acc:0.9281376518218624
precision:0.9342451341399264,	recall:0.9905186837702176,	F1:0.9615592853275582
TP:1776.0,TN:58.0,FN:17.0,FP:125.0
correct_all_pred_right: 1782.0	corrector_all_pred_total: 1976	corrector_all_pred acc: 0.9018218623481782
corrector_right: 25.0	corrector_total: 183.0	corrector acc: 0.1366120218579235
final_code_right: 1798.0	final_code_total: 1976	final_code acc: 0.909919028340081
epoch:47,	loss_g:0,	loss_d:0,	loss_c:1.019013351178728
>>>>>>>>>>>>>>>>>>>start evaluate......
code_right: 1793.0	code_total: 1976	M-tree codes acc: 0.9073886639676113
disc_right:1834,	disc_all:1976,	discriminator acc:0.9281376518218624
precision:0.9342451341399264,	recall:0.9905186837702176,	F1:0.9615592853275582
TP:1776.0,TN:58.0,FN:17.0,FP:125.0
correct_all_pred_right: 1783.0	corrector_all_pred_total: 1976	corrector_all_pred acc: 0.9023279352226721
corrector_right: 25.0	corrector_total: 183.0	corrector acc: 0.1366120218579235
final_code_right: 1796.0	final_code_total: 1976	final_code acc: 0.9089068825910931
epoch:48,	loss_g:0,	loss_d:0,	loss_c:0.9596754807571415
>>>>>>>>>>>>>>>>>>>start evaluate......
code_right: 1793.0	code_total: 1976	M-tree codes acc: 0.9073886639676113
disc_right:1834,	disc_all:1976,	discriminator acc:0.9281376518218624
precision:0.9342451341399264,	recall:0.9905186837702176,	F1:0.9615592853275582
TP:1776.0,TN:58.0,FN:17.0,FP:125.0
correct_all_pred_right: 1775.0	corrector_all_pred_total: 1976	corrector_all_pred acc: 0.8982793522267206
corrector_right: 23.0	corrector_total: 183.0	corrector acc: 0.12568306010928962
final_code_right: 1793.0	final_code_total: 1976	final_code acc: 0.9073886639676113
epoch:49,	loss_g:0,	loss_d:0,	loss_c:1.007066757476423
>>>>>>>>>>>>>>>>>>>start evaluate......
code_right: 1793.0	code_total: 1976	M-tree codes acc: 0.9073886639676113
disc_right:1834,	disc_all:1976,	discriminator acc:0.9281376518218624
precision:0.9342451341399264,	recall:0.9905186837702176,	F1:0.9615592853275582
TP:1776.0,TN:58.0,FN:17.0,FP:125.0
correct_all_pred_right: 1785.0	corrector_all_pred_total: 1976	corrector_all_pred acc: 0.90334008097166
corrector_right: 28.0	corrector_total: 183.0	corrector acc: 0.15300546448087432
final_code_right: 1799.0	final_code_total: 1976	final_code acc: 0.9104251012145749
epoch:50,	loss_g:0,	loss_d:0,	loss_c:0.9730157430458348
>>>>>>>>>>>>>>>>>>>start evaluate......
code_right: 1793.0	code_total: 1976	M-tree codes acc: 0.9073886639676113
disc_right:1834,	disc_all:1976,	discriminator acc:0.9281376518218624
precision:0.9342451341399264,	recall:0.9905186837702176,	F1:0.9615592853275582
TP:1776.0,TN:58.0,FN:17.0,FP:125.0
correct_all_pred_right: 1785.0	corrector_all_pred_total: 1976	corrector_all_pred acc: 0.90334008097166
corrector_right: 30.0	corrector_total: 183.0	corrector acc: 0.16393442622950818
final_code_right: 1797.0	final_code_total: 1976	final_code acc: 0.9094129554655871
save best model to ./output/corrector3/best_model
epoch:51,	loss_g:0,	loss_d:0,	loss_c:0.9745206536899786
>>>>>>>>>>>>>>>>>>>start evaluate......
code_right: 1793.0	code_total: 1976	M-tree codes acc: 0.9073886639676113
disc_right:1834,	disc_all:1976,	discriminator acc:0.9281376518218624
precision:0.9342451341399264,	recall:0.9905186837702176,	F1:0.9615592853275582
TP:1776.0,TN:58.0,FN:17.0,FP:125.0
correct_all_pred_right: 1786.0	corrector_all_pred_total: 1976	corrector_all_pred acc: 0.9038461538461539
corrector_right: 29.0	corrector_total: 183.0	corrector acc: 0.15846994535519127
final_code_right: 1799.0	final_code_total: 1976	final_code acc: 0.9104251012145749
epoch:52,	loss_g:0,	loss_d:0,	loss_c:0.9586383992864285
>>>>>>>>>>>>>>>>>>>start evaluate......
code_right: 1793.0	code_total: 1976	M-tree codes acc: 0.9073886639676113
disc_right:1834,	disc_all:1976,	discriminator acc:0.9281376518218624
precision:0.9342451341399264,	recall:0.9905186837702176,	F1:0.9615592853275582
TP:1776.0,TN:58.0,FN:17.0,FP:125.0
correct_all_pred_right: 1786.0	corrector_all_pred_total: 1976	corrector_all_pred acc: 0.9038461538461539
corrector_right: 28.0	corrector_total: 183.0	corrector acc: 0.15300546448087432
final_code_right: 1797.0	final_code_total: 1976	final_code acc: 0.9094129554655871
