get train data loader...
total input dataset len: 2163
  0%|          | 0/2163 [00:00<?, ?it/s]100%|██████████| 2163/2163 [00:00<00:00, 35892.01it/s]
get dev data loader...
after process dataset len: 2163
total passed: 0
total input dataset len: 431
  0%|          | 0/431 [00:00<?, ?it/s]100%|██████████| 431/431 [00:00<00:00, 40526.95it/s]
define model...
define optimizer...
/data/zhyma/miniconda3/lib/python3.8/site-packages/transformers/optimization.py:391: FutureWarning: This implementation of AdamW is deprecated and will be removed in a future version. Use the PyTorch implementation torch.optim.AdamW instead, or set `no_deprecation_warning=True` to disable this warning
  warnings.warn(
>>>>>>>>>>>>>>>>>>>start train......
epoch:0,	loss_g:0,	loss_d:0,	loss_c:88.95935503393412
>>>>>>>>>>>>>>>>>>>start evaluate......
code_right: 1785.0	code_total: 1985	M-tree codes acc: 0.8992443324937027
disc_right:1829,	disc_all:1985,	discriminator acc:0.9214105793450882
precision:0.9271106449921342,	recall:0.9904761904761905,	F1:0.9577464788732394
TP:1768.0,TN:61.0,FN:17.0,FP:139.0
corrector_right: 7.0	corrector_total: 200.0	corrector acc: 0.035
final_code_right: 1775.0	final_code_total: 1985	final_code acc: 0.8942065491183879
save best model to ./output/corrector4/best_model
epoch:1,	loss_g:0,	loss_d:0,	loss_c:22.597960179671645
>>>>>>>>>>>>>>>>>>>start evaluate......
code_right: 1785.0	code_total: 1985	M-tree codes acc: 0.8992443324937027
disc_right:1829,	disc_all:1985,	discriminator acc:0.9214105793450882
precision:0.9271106449921342,	recall:0.9904761904761905,	F1:0.9577464788732394
TP:1768.0,TN:61.0,FN:17.0,FP:139.0
corrector_right: 16.0	corrector_total: 200.0	corrector acc: 0.08
final_code_right: 1784.0	final_code_total: 1985	final_code acc: 0.8987405541561713
save best model to ./output/corrector4/best_model
epoch:2,	loss_g:0,	loss_d:0,	loss_c:11.63528901617974
>>>>>>>>>>>>>>>>>>>start evaluate......
code_right: 1785.0	code_total: 1985	M-tree codes acc: 0.8992443324937027
disc_right:1829,	disc_all:1985,	discriminator acc:0.9214105793450882
precision:0.9271106449921342,	recall:0.9904761904761905,	F1:0.9577464788732394
TP:1768.0,TN:61.0,FN:17.0,FP:139.0
corrector_right: 29.0	corrector_total: 200.0	corrector acc: 0.145
final_code_right: 1788.0	final_code_total: 1985	final_code acc: 0.9007556675062972
save best model to ./output/corrector4/best_model
epoch:3,	loss_g:0,	loss_d:0,	loss_c:8.132551341317594
>>>>>>>>>>>>>>>>>>>start evaluate......
code_right: 1785.0	code_total: 1985	M-tree codes acc: 0.8992443324937027
disc_right:1829,	disc_all:1985,	discriminator acc:0.9214105793450882
precision:0.9271106449921342,	recall:0.9904761904761905,	F1:0.9577464788732394
TP:1768.0,TN:61.0,FN:17.0,FP:139.0
corrector_right: 46.0	corrector_total: 200.0	corrector acc: 0.23
final_code_right: 1799.0	final_code_total: 1985	final_code acc: 0.9062972292191436
save best model to ./output/corrector4/best_model
epoch:4,	loss_g:0,	loss_d:0,	loss_c:6.191308394540101
>>>>>>>>>>>>>>>>>>>start evaluate......
code_right: 1785.0	code_total: 1985	M-tree codes acc: 0.8992443324937027
disc_right:1829,	disc_all:1985,	discriminator acc:0.9214105793450882
precision:0.9271106449921342,	recall:0.9904761904761905,	F1:0.9577464788732394
TP:1768.0,TN:61.0,FN:17.0,FP:139.0
corrector_right: 60.0	corrector_total: 200.0	corrector acc: 0.3
final_code_right: 1808.0	final_code_total: 1985	final_code acc: 0.9108312342569269
save best model to ./output/corrector4/best_model
epoch:5,	loss_g:0,	loss_d:0,	loss_c:4.800629853270948
>>>>>>>>>>>>>>>>>>>start evaluate......
code_right: 1785.0	code_total: 1985	M-tree codes acc: 0.8992443324937027
disc_right:1829,	disc_all:1985,	discriminator acc:0.9214105793450882
precision:0.9271106449921342,	recall:0.9904761904761905,	F1:0.9577464788732394
TP:1768.0,TN:61.0,FN:17.0,FP:139.0
corrector_right: 73.0	corrector_total: 200.0	corrector acc: 0.365
final_code_right: 1814.0	final_code_total: 1985	final_code acc: 0.9138539042821159
save best model to ./output/corrector4/best_model
epoch:6,	loss_g:0,	loss_d:0,	loss_c:3.6972205815836787
>>>>>>>>>>>>>>>>>>>start evaluate......
code_right: 1785.0	code_total: 1985	M-tree codes acc: 0.8992443324937027
disc_right:1829,	disc_all:1985,	discriminator acc:0.9214105793450882
precision:0.9271106449921342,	recall:0.9904761904761905,	F1:0.9577464788732394
TP:1768.0,TN:61.0,FN:17.0,FP:139.0
corrector_right: 80.0	corrector_total: 200.0	corrector acc: 0.4
final_code_right: 1815.0	final_code_total: 1985	final_code acc: 0.9143576826196473
save best model to ./output/corrector4/best_model
epoch:7,	loss_g:0,	loss_d:0,	loss_c:2.905422729207203
>>>>>>>>>>>>>>>>>>>start evaluate......
code_right: 1785.0	code_total: 1985	M-tree codes acc: 0.8992443324937027
disc_right:1829,	disc_all:1985,	discriminator acc:0.9214105793450882
precision:0.9271106449921342,	recall:0.9904761904761905,	F1:0.9577464788732394
TP:1768.0,TN:61.0,FN:17.0,FP:139.0
corrector_right: 100.0	corrector_total: 200.0	corrector acc: 0.5
final_code_right: 1823.0	final_code_total: 1985	final_code acc: 0.9183879093198992
save best model to ./output/corrector4/best_model
epoch:8,	loss_g:0,	loss_d:0,	loss_c:2.3115402959519997
>>>>>>>>>>>>>>>>>>>start evaluate......
code_right: 1785.0	code_total: 1985	M-tree codes acc: 0.8992443324937027
disc_right:1829,	disc_all:1985,	discriminator acc:0.9214105793450882
precision:0.9271106449921342,	recall:0.9904761904761905,	F1:0.9577464788732394
TP:1768.0,TN:61.0,FN:17.0,FP:139.0
corrector_right: 104.0	corrector_total: 200.0	corrector acc: 0.52
final_code_right: 1823.0	final_code_total: 1985	final_code acc: 0.9183879093198992
save best model to ./output/corrector4/best_model
epoch:9,	loss_g:0,	loss_d:0,	loss_c:1.9570772901643068
>>>>>>>>>>>>>>>>>>>start evaluate......
code_right: 1785.0	code_total: 1985	M-tree codes acc: 0.8992443324937027
disc_right:1829,	disc_all:1985,	discriminator acc:0.9214105793450882
precision:0.9271106449921342,	recall:0.9904761904761905,	F1:0.9577464788732394
TP:1768.0,TN:61.0,FN:17.0,FP:139.0
corrector_right: 116.0	corrector_total: 200.0	corrector acc: 0.58
final_code_right: 1828.0	final_code_total: 1985	final_code acc: 0.9209068010075567
save best model to ./output/corrector4/best_model
epoch:10,	loss_g:0,	loss_d:0,	loss_c:1.7802957084495574
>>>>>>>>>>>>>>>>>>>start evaluate......
code_right: 1785.0	code_total: 1985	M-tree codes acc: 0.8992443324937027
disc_right:1829,	disc_all:1985,	discriminator acc:0.9214105793450882
precision:0.9271106449921342,	recall:0.9904761904761905,	F1:0.9577464788732394
TP:1768.0,TN:61.0,FN:17.0,FP:139.0
corrector_right: 111.0	corrector_total: 200.0	corrector acc: 0.555
final_code_right: 1824.0	final_code_total: 1985	final_code acc: 0.9188916876574307
epoch:11,	loss_g:0,	loss_d:0,	loss_c:1.7312141628935933
>>>>>>>>>>>>>>>>>>>start evaluate......
code_right: 1785.0	code_total: 1985	M-tree codes acc: 0.8992443324937027
disc_right:1829,	disc_all:1985,	discriminator acc:0.9214105793450882
precision:0.9271106449921342,	recall:0.9904761904761905,	F1:0.9577464788732394
TP:1768.0,TN:61.0,FN:17.0,FP:139.0
corrector_right: 121.0	corrector_total: 200.0	corrector acc: 0.605
final_code_right: 1830.0	final_code_total: 1985	final_code acc: 0.9219143576826196
save best model to ./output/corrector4/best_model
epoch:12,	loss_g:0,	loss_d:0,	loss_c:1.6646315860562027
>>>>>>>>>>>>>>>>>>>start evaluate......
code_right: 1785.0	code_total: 1985	M-tree codes acc: 0.8992443324937027
disc_right:1829,	disc_all:1985,	discriminator acc:0.9214105793450882
precision:0.9271106449921342,	recall:0.9904761904761905,	F1:0.9577464788732394
TP:1768.0,TN:61.0,FN:17.0,FP:139.0
corrector_right: 131.0	corrector_total: 200.0	corrector acc: 0.655
final_code_right: 1835.0	final_code_total: 1985	final_code acc: 0.924433249370277
save best model to ./output/corrector4/best_model
epoch:13,	loss_g:0,	loss_d:0,	loss_c:1.561451131128706
>>>>>>>>>>>>>>>>>>>start evaluate......
code_right: 1785.0	code_total: 1985	M-tree codes acc: 0.8992443324937027
disc_right:1829,	disc_all:1985,	discriminator acc:0.9214105793450882
precision:0.9271106449921342,	recall:0.9904761904761905,	F1:0.9577464788732394
TP:1768.0,TN:61.0,FN:17.0,FP:139.0
corrector_right: 131.0	corrector_total: 200.0	corrector acc: 0.655
final_code_right: 1834.0	final_code_total: 1985	final_code acc: 0.9239294710327456
epoch:14,	loss_g:0,	loss_d:0,	loss_c:1.564317602023948
>>>>>>>>>>>>>>>>>>>start evaluate......
code_right: 1785.0	code_total: 1985	M-tree codes acc: 0.8992443324937027
disc_right:1829,	disc_all:1985,	discriminator acc:0.9214105793450882
precision:0.9271106449921342,	recall:0.9904761904761905,	F1:0.9577464788732394
TP:1768.0,TN:61.0,FN:17.0,FP:139.0
corrector_right: 130.0	corrector_total: 200.0	corrector acc: 0.65
final_code_right: 1835.0	final_code_total: 1985	final_code acc: 0.924433249370277
epoch:15,	loss_g:0,	loss_d:0,	loss_c:1.5784529409138486
>>>>>>>>>>>>>>>>>>>start evaluate......
code_right: 1785.0	code_total: 1985	M-tree codes acc: 0.8992443324937027
disc_right:1829,	disc_all:1985,	discriminator acc:0.9214105793450882
precision:0.9271106449921342,	recall:0.9904761904761905,	F1:0.9577464788732394
TP:1768.0,TN:61.0,FN:17.0,FP:139.0
corrector_right: 133.0	corrector_total: 200.0	corrector acc: 0.665
final_code_right: 1832.0	final_code_total: 1985	final_code acc: 0.9229219143576827
save best model to ./output/corrector4/best_model
epoch:16,	loss_g:0,	loss_d:0,	loss_c:1.461794228409417
>>>>>>>>>>>>>>>>>>>start evaluate......
code_right: 1785.0	code_total: 1985	M-tree codes acc: 0.8992443324937027
disc_right:1829,	disc_all:1985,	discriminator acc:0.9214105793450882
precision:0.9271106449921342,	recall:0.9904761904761905,	F1:0.9577464788732394
TP:1768.0,TN:61.0,FN:17.0,FP:139.0
corrector_right: 140.0	corrector_total: 200.0	corrector acc: 0.7
final_code_right: 1838.0	final_code_total: 1985	final_code acc: 0.9259445843828715
save best model to ./output/corrector4/best_model
epoch:17,	loss_g:0,	loss_d:0,	loss_c:1.4334546781610698
>>>>>>>>>>>>>>>>>>>start evaluate......
code_right: 1785.0	code_total: 1985	M-tree codes acc: 0.8992443324937027
disc_right:1829,	disc_all:1985,	discriminator acc:0.9214105793450882
precision:0.9271106449921342,	recall:0.9904761904761905,	F1:0.9577464788732394
TP:1768.0,TN:61.0,FN:17.0,FP:139.0
corrector_right: 144.0	corrector_total: 200.0	corrector acc: 0.72
final_code_right: 1838.0	final_code_total: 1985	final_code acc: 0.9259445843828715
save best model to ./output/corrector4/best_model
epoch:18,	loss_g:0,	loss_d:0,	loss_c:1.4238566848216578
>>>>>>>>>>>>>>>>>>>start evaluate......
code_right: 1785.0	code_total: 1985	M-tree codes acc: 0.8992443324937027
disc_right:1829,	disc_all:1985,	discriminator acc:0.9214105793450882
precision:0.9271106449921342,	recall:0.9904761904761905,	F1:0.9577464788732394
TP:1768.0,TN:61.0,FN:17.0,FP:139.0
corrector_right: 139.0	corrector_total: 200.0	corrector acc: 0.695
final_code_right: 1832.0	final_code_total: 1985	final_code acc: 0.9229219143576827
epoch:19,	loss_g:0,	loss_d:0,	loss_c:1.4487091616902035
>>>>>>>>>>>>>>>>>>>start evaluate......
code_right: 1785.0	code_total: 1985	M-tree codes acc: 0.8992443324937027
disc_right:1829,	disc_all:1985,	discriminator acc:0.9214105793450882
precision:0.9271106449921342,	recall:0.9904761904761905,	F1:0.9577464788732394
TP:1768.0,TN:61.0,FN:17.0,FP:139.0
corrector_right: 147.0	corrector_total: 200.0	corrector acc: 0.735
final_code_right: 1838.0	final_code_total: 1985	final_code acc: 0.9259445843828715
save best model to ./output/corrector4/best_model
epoch:20,	loss_g:0,	loss_d:0,	loss_c:1.3991113814990968
>>>>>>>>>>>>>>>>>>>start evaluate......
code_right: 1785.0	code_total: 1985	M-tree codes acc: 0.8992443324937027
disc_right:1829,	disc_all:1985,	discriminator acc:0.9214105793450882
precision:0.9271106449921342,	recall:0.9904761904761905,	F1:0.9577464788732394
TP:1768.0,TN:61.0,FN:17.0,FP:139.0
corrector_right: 143.0	corrector_total: 200.0	corrector acc: 0.715
final_code_right: 1837.0	final_code_total: 1985	final_code acc: 0.9254408060453401
epoch:21,	loss_g:0,	loss_d:0,	loss_c:1.3680359049176332
>>>>>>>>>>>>>>>>>>>start evaluate......
code_right: 1785.0	code_total: 1985	M-tree codes acc: 0.8992443324937027
disc_right:1829,	disc_all:1985,	discriminator acc:0.9214105793450882
precision:0.9271106449921342,	recall:0.9904761904761905,	F1:0.9577464788732394
TP:1768.0,TN:61.0,FN:17.0,FP:139.0
corrector_right: 146.0	corrector_total: 200.0	corrector acc: 0.73
final_code_right: 1837.0	final_code_total: 1985	final_code acc: 0.9254408060453401
epoch:22,	loss_g:0,	loss_d:0,	loss_c:1.3182450212771073
>>>>>>>>>>>>>>>>>>>start evaluate......
code_right: 1785.0	code_total: 1985	M-tree codes acc: 0.8992443324937027
disc_right:1829,	disc_all:1985,	discriminator acc:0.9214105793450882
precision:0.9271106449921342,	recall:0.9904761904761905,	F1:0.9577464788732394
TP:1768.0,TN:61.0,FN:17.0,FP:139.0
corrector_right: 146.0	corrector_total: 200.0	corrector acc: 0.73
final_code_right: 1837.0	final_code_total: 1985	final_code acc: 0.9254408060453401
epoch:23,	loss_g:0,	loss_d:0,	loss_c:1.3193847057409585
>>>>>>>>>>>>>>>>>>>start evaluate......
code_right: 1785.0	code_total: 1985	M-tree codes acc: 0.8992443324937027
disc_right:1829,	disc_all:1985,	discriminator acc:0.9214105793450882
precision:0.9271106449921342,	recall:0.9904761904761905,	F1:0.9577464788732394
TP:1768.0,TN:61.0,FN:17.0,FP:139.0
corrector_right: 149.0	corrector_total: 200.0	corrector acc: 0.745
final_code_right: 1838.0	final_code_total: 1985	final_code acc: 0.9259445843828715
save best model to ./output/corrector4/best_model
epoch:24,	loss_g:0,	loss_d:0,	loss_c:1.3135440501209814
>>>>>>>>>>>>>>>>>>>start evaluate......
code_right: 1785.0	code_total: 1985	M-tree codes acc: 0.8992443324937027
disc_right:1829,	disc_all:1985,	discriminator acc:0.9214105793450882
precision:0.9271106449921342,	recall:0.9904761904761905,	F1:0.9577464788732394
TP:1768.0,TN:61.0,FN:17.0,FP:139.0
corrector_right: 152.0	corrector_total: 200.0	corrector acc: 0.76
final_code_right: 1840.0	final_code_total: 1985	final_code acc: 0.9269521410579346
save best model to ./output/corrector4/best_model
epoch:25,	loss_g:0,	loss_d:0,	loss_c:1.2544097020290792
>>>>>>>>>>>>>>>>>>>start evaluate......
code_right: 1785.0	code_total: 1985	M-tree codes acc: 0.8992443324937027
disc_right:1829,	disc_all:1985,	discriminator acc:0.9214105793450882
precision:0.9271106449921342,	recall:0.9904761904761905,	F1:0.9577464788732394
TP:1768.0,TN:61.0,FN:17.0,FP:139.0
corrector_right: 152.0	corrector_total: 200.0	corrector acc: 0.76
final_code_right: 1837.0	final_code_total: 1985	final_code acc: 0.9254408060453401
epoch:26,	loss_g:0,	loss_d:0,	loss_c:1.3145341594645288
>>>>>>>>>>>>>>>>>>>start evaluate......
code_right: 1785.0	code_total: 1985	M-tree codes acc: 0.8992443324937027
disc_right:1829,	disc_all:1985,	discriminator acc:0.9214105793450882
precision:0.9271106449921342,	recall:0.9904761904761905,	F1:0.9577464788732394
TP:1768.0,TN:61.0,FN:17.0,FP:139.0
corrector_right: 154.0	corrector_total: 200.0	corrector acc: 0.77
final_code_right: 1838.0	final_code_total: 1985	final_code acc: 0.9259445843828715
save best model to ./output/corrector4/best_model
epoch:27,	loss_g:0,	loss_d:0,	loss_c:1.2491257249785122
>>>>>>>>>>>>>>>>>>>start evaluate......
code_right: 1785.0	code_total: 1985	M-tree codes acc: 0.8992443324937027
disc_right:1829,	disc_all:1985,	discriminator acc:0.9214105793450882
precision:0.9271106449921342,	recall:0.9904761904761905,	F1:0.9577464788732394
TP:1768.0,TN:61.0,FN:17.0,FP:139.0
corrector_right: 151.0	corrector_total: 200.0	corrector acc: 0.755
final_code_right: 1838.0	final_code_total: 1985	final_code acc: 0.9259445843828715
epoch:28,	loss_g:0,	loss_d:0,	loss_c:1.2937447058793623
>>>>>>>>>>>>>>>>>>>start evaluate......
code_right: 1785.0	code_total: 1985	M-tree codes acc: 0.8992443324937027
disc_right:1829,	disc_all:1985,	discriminator acc:0.9214105793450882
precision:0.9271106449921342,	recall:0.9904761904761905,	F1:0.9577464788732394
TP:1768.0,TN:61.0,FN:17.0,FP:139.0
corrector_right: 155.0	corrector_total: 200.0	corrector acc: 0.775
final_code_right: 1837.0	final_code_total: 1985	final_code acc: 0.9254408060453401
save best model to ./output/corrector4/best_model
epoch:29,	loss_g:0,	loss_d:0,	loss_c:1.2886817647959106
>>>>>>>>>>>>>>>>>>>start evaluate......
code_right: 1785.0	code_total: 1985	M-tree codes acc: 0.8992443324937027
disc_right:1829,	disc_all:1985,	discriminator acc:0.9214105793450882
precision:0.9271106449921342,	recall:0.9904761904761905,	F1:0.9577464788732394
TP:1768.0,TN:61.0,FN:17.0,FP:139.0
corrector_right: 155.0	corrector_total: 200.0	corrector acc: 0.775
final_code_right: 1838.0	final_code_total: 1985	final_code acc: 0.9259445843828715
epoch:30,	loss_g:0,	loss_d:0,	loss_c:1.2348728773358744
>>>>>>>>>>>>>>>>>>>start evaluate......
code_right: 1785.0	code_total: 1985	M-tree codes acc: 0.8992443324937027
disc_right:1829,	disc_all:1985,	discriminator acc:0.9214105793450882
precision:0.9271106449921342,	recall:0.9904761904761905,	F1:0.9577464788732394
TP:1768.0,TN:61.0,FN:17.0,FP:139.0
corrector_right: 156.0	corrector_total: 200.0	corrector acc: 0.78
final_code_right: 1839.0	final_code_total: 1985	final_code acc: 0.926448362720403
save best model to ./output/corrector4/best_model
epoch:31,	loss_g:0,	loss_d:0,	loss_c:1.209389232652029
>>>>>>>>>>>>>>>>>>>start evaluate......
code_right: 1785.0	code_total: 1985	M-tree codes acc: 0.8992443324937027
disc_right:1829,	disc_all:1985,	discriminator acc:0.9214105793450882
precision:0.9271106449921342,	recall:0.9904761904761905,	F1:0.9577464788732394
TP:1768.0,TN:61.0,FN:17.0,FP:139.0
corrector_right: 156.0	corrector_total: 200.0	corrector acc: 0.78
final_code_right: 1839.0	final_code_total: 1985	final_code acc: 0.926448362720403
epoch:32,	loss_g:0,	loss_d:0,	loss_c:1.2369790726224892
>>>>>>>>>>>>>>>>>>>start evaluate......
code_right: 1785.0	code_total: 1985	M-tree codes acc: 0.8992443324937027
disc_right:1829,	disc_all:1985,	discriminator acc:0.9214105793450882
precision:0.9271106449921342,	recall:0.9904761904761905,	F1:0.9577464788732394
TP:1768.0,TN:61.0,FN:17.0,FP:139.0
corrector_right: 157.0	corrector_total: 200.0	corrector acc: 0.785
final_code_right: 1838.0	final_code_total: 1985	final_code acc: 0.9259445843828715
save best model to ./output/corrector4/best_model
epoch:33,	loss_g:0,	loss_d:0,	loss_c:1.2052934426174033
>>>>>>>>>>>>>>>>>>>start evaluate......
code_right: 1785.0	code_total: 1985	M-tree codes acc: 0.8992443324937027
disc_right:1829,	disc_all:1985,	discriminator acc:0.9214105793450882
precision:0.9271106449921342,	recall:0.9904761904761905,	F1:0.9577464788732394
TP:1768.0,TN:61.0,FN:17.0,FP:139.0
corrector_right: 160.0	corrector_total: 200.0	corrector acc: 0.8
final_code_right: 1839.0	final_code_total: 1985	final_code acc: 0.926448362720403
save best model to ./output/corrector4/best_model
epoch:34,	loss_g:0,	loss_d:0,	loss_c:1.2302861318166833
>>>>>>>>>>>>>>>>>>>start evaluate......
code_right: 1785.0	code_total: 1985	M-tree codes acc: 0.8992443324937027
disc_right:1829,	disc_all:1985,	discriminator acc:0.9214105793450882
precision:0.9271106449921342,	recall:0.9904761904761905,	F1:0.9577464788732394
TP:1768.0,TN:61.0,FN:17.0,FP:139.0
corrector_right: 157.0	corrector_total: 200.0	corrector acc: 0.785
final_code_right: 1837.0	final_code_total: 1985	final_code acc: 0.9254408060453401
epoch:35,	loss_g:0,	loss_d:0,	loss_c:1.2196593234839384
>>>>>>>>>>>>>>>>>>>start evaluate......
code_right: 1785.0	code_total: 1985	M-tree codes acc: 0.8992443324937027
disc_right:1829,	disc_all:1985,	discriminator acc:0.9214105793450882
precision:0.9271106449921342,	recall:0.9904761904761905,	F1:0.9577464788732394
TP:1768.0,TN:61.0,FN:17.0,FP:139.0
corrector_right: 161.0	corrector_total: 200.0	corrector acc: 0.805
final_code_right: 1840.0	final_code_total: 1985	final_code acc: 0.9269521410579346
save best model to ./output/corrector4/best_model
epoch:36,	loss_g:0,	loss_d:0,	loss_c:1.2457784315629397
>>>>>>>>>>>>>>>>>>>start evaluate......
code_right: 1785.0	code_total: 1985	M-tree codes acc: 0.8992443324937027
disc_right:1829,	disc_all:1985,	discriminator acc:0.9214105793450882
precision:0.9271106449921342,	recall:0.9904761904761905,	F1:0.9577464788732394
TP:1768.0,TN:61.0,FN:17.0,FP:139.0
corrector_right: 159.0	corrector_total: 200.0	corrector acc: 0.795
final_code_right: 1838.0	final_code_total: 1985	final_code acc: 0.9259445843828715
epoch:37,	loss_g:0,	loss_d:0,	loss_c:1.2118836727750022
>>>>>>>>>>>>>>>>>>>start evaluate......
code_right: 1785.0	code_total: 1985	M-tree codes acc: 0.8992443324937027
disc_right:1829,	disc_all:1985,	discriminator acc:0.9214105793450882
precision:0.9271106449921342,	recall:0.9904761904761905,	F1:0.9577464788732394
TP:1768.0,TN:61.0,FN:17.0,FP:139.0
corrector_right: 160.0	corrector_total: 200.0	corrector acc: 0.8
final_code_right: 1839.0	final_code_total: 1985	final_code acc: 0.926448362720403
epoch:38,	loss_g:0,	loss_d:0,	loss_c:1.1768711145559791
>>>>>>>>>>>>>>>>>>>start evaluate......
code_right: 1785.0	code_total: 1985	M-tree codes acc: 0.8992443324937027
disc_right:1829,	disc_all:1985,	discriminator acc:0.9214105793450882
precision:0.9271106449921342,	recall:0.9904761904761905,	F1:0.9577464788732394
TP:1768.0,TN:61.0,FN:17.0,FP:139.0
corrector_right: 163.0	corrector_total: 200.0	corrector acc: 0.815
final_code_right: 1838.0	final_code_total: 1985	final_code acc: 0.9259445843828715
save best model to ./output/corrector4/best_model
epoch:39,	loss_g:0,	loss_d:0,	loss_c:1.1838931744568981
>>>>>>>>>>>>>>>>>>>start evaluate......
code_right: 1785.0	code_total: 1985	M-tree codes acc: 0.8992443324937027
disc_right:1829,	disc_all:1985,	discriminator acc:0.9214105793450882
precision:0.9271106449921342,	recall:0.9904761904761905,	F1:0.9577464788732394
TP:1768.0,TN:61.0,FN:17.0,FP:139.0
corrector_right: 160.0	corrector_total: 200.0	corrector acc: 0.8
final_code_right: 1839.0	final_code_total: 1985	final_code acc: 0.926448362720403
epoch:40,	loss_g:0,	loss_d:0,	loss_c:1.18401056737639
>>>>>>>>>>>>>>>>>>>start evaluate......
code_right: 1785.0	code_total: 1985	M-tree codes acc: 0.8992443324937027
disc_right:1829,	disc_all:1985,	discriminator acc:0.9214105793450882
precision:0.9271106449921342,	recall:0.9904761904761905,	F1:0.9577464788732394
TP:1768.0,TN:61.0,FN:17.0,FP:139.0
corrector_right: 161.0	corrector_total: 200.0	corrector acc: 0.805
final_code_right: 1839.0	final_code_total: 1985	final_code acc: 0.926448362720403
epoch:41,	loss_g:0,	loss_d:0,	loss_c:1.135875507752644
>>>>>>>>>>>>>>>>>>>start evaluate......
code_right: 1785.0	code_total: 1985	M-tree codes acc: 0.8992443324937027
disc_right:1829,	disc_all:1985,	discriminator acc:0.9214105793450882
precision:0.9271106449921342,	recall:0.9904761904761905,	F1:0.9577464788732394
TP:1768.0,TN:61.0,FN:17.0,FP:139.0
corrector_right: 165.0	corrector_total: 200.0	corrector acc: 0.825
final_code_right: 1840.0	final_code_total: 1985	final_code acc: 0.9269521410579346
save best model to ./output/corrector4/best_model
epoch:42,	loss_g:0,	loss_d:0,	loss_c:1.164385928248521
>>>>>>>>>>>>>>>>>>>start evaluate......
code_right: 1785.0	code_total: 1985	M-tree codes acc: 0.8992443324937027
disc_right:1829,	disc_all:1985,	discriminator acc:0.9214105793450882
precision:0.9271106449921342,	recall:0.9904761904761905,	F1:0.9577464788732394
TP:1768.0,TN:61.0,FN:17.0,FP:139.0
corrector_right: 162.0	corrector_total: 200.0	corrector acc: 0.81
final_code_right: 1839.0	final_code_total: 1985	final_code acc: 0.926448362720403
epoch:43,	loss_g:0,	loss_d:0,	loss_c:1.1748487060831394
>>>>>>>>>>>>>>>>>>>start evaluate......
code_right: 1785.0	code_total: 1985	M-tree codes acc: 0.8992443324937027
disc_right:1829,	disc_all:1985,	discriminator acc:0.9214105793450882
precision:0.9271106449921342,	recall:0.9904761904761905,	F1:0.9577464788732394
TP:1768.0,TN:61.0,FN:17.0,FP:139.0
corrector_right: 166.0	corrector_total: 200.0	corrector acc: 0.83
final_code_right: 1841.0	final_code_total: 1985	final_code acc: 0.927455919395466
save best model to ./output/corrector4/best_model
epoch:44,	loss_g:0,	loss_d:0,	loss_c:1.1257375168206636
>>>>>>>>>>>>>>>>>>>start evaluate......
code_right: 1785.0	code_total: 1985	M-tree codes acc: 0.8992443324937027
disc_right:1829,	disc_all:1985,	discriminator acc:0.9214105793450882
precision:0.9271106449921342,	recall:0.9904761904761905,	F1:0.9577464788732394
TP:1768.0,TN:61.0,FN:17.0,FP:139.0
corrector_right: 165.0	corrector_total: 200.0	corrector acc: 0.825
final_code_right: 1839.0	final_code_total: 1985	final_code acc: 0.926448362720403
epoch:45,	loss_g:0,	loss_d:0,	loss_c:1.178786884091096
>>>>>>>>>>>>>>>>>>>start evaluate......
code_right: 1785.0	code_total: 1985	M-tree codes acc: 0.8992443324937027
disc_right:1829,	disc_all:1985,	discriminator acc:0.9214105793450882
precision:0.9271106449921342,	recall:0.9904761904761905,	F1:0.9577464788732394
TP:1768.0,TN:61.0,FN:17.0,FP:139.0
corrector_right: 167.0	corrector_total: 200.0	corrector acc: 0.835
final_code_right: 1841.0	final_code_total: 1985	final_code acc: 0.927455919395466
save best model to ./output/corrector4/best_model
epoch:46,	loss_g:0,	loss_d:0,	loss_c:1.1623981740267482
>>>>>>>>>>>>>>>>>>>start evaluate......
code_right: 1785.0	code_total: 1985	M-tree codes acc: 0.8992443324937027
disc_right:1829,	disc_all:1985,	discriminator acc:0.9214105793450882
precision:0.9271106449921342,	recall:0.9904761904761905,	F1:0.9577464788732394
TP:1768.0,TN:61.0,FN:17.0,FP:139.0
corrector_right: 165.0	corrector_total: 200.0	corrector acc: 0.825
final_code_right: 1841.0	final_code_total: 1985	final_code acc: 0.927455919395466
epoch:47,	loss_g:0,	loss_d:0,	loss_c:1.1212214873521589
>>>>>>>>>>>>>>>>>>>start evaluate......
code_right: 1785.0	code_total: 1985	M-tree codes acc: 0.8992443324937027
disc_right:1829,	disc_all:1985,	discriminator acc:0.9214105793450882
precision:0.9271106449921342,	recall:0.9904761904761905,	F1:0.9577464788732394
TP:1768.0,TN:61.0,FN:17.0,FP:139.0
corrector_right: 167.0	corrector_total: 200.0	corrector acc: 0.835
final_code_right: 1841.0	final_code_total: 1985	final_code acc: 0.927455919395466
epoch:48,	loss_g:0,	loss_d:0,	loss_c:1.1434316315862816
>>>>>>>>>>>>>>>>>>>start evaluate......
code_right: 1785.0	code_total: 1985	M-tree codes acc: 0.8992443324937027
disc_right:1829,	disc_all:1985,	discriminator acc:0.9214105793450882
precision:0.9271106449921342,	recall:0.9904761904761905,	F1:0.9577464788732394
TP:1768.0,TN:61.0,FN:17.0,FP:139.0
corrector_right: 164.0	corrector_total: 200.0	corrector acc: 0.82
final_code_right: 1839.0	final_code_total: 1985	final_code acc: 0.926448362720403
epoch:49,	loss_g:0,	loss_d:0,	loss_c:1.1161057866120245
>>>>>>>>>>>>>>>>>>>start evaluate......
code_right: 1785.0	code_total: 1985	M-tree codes acc: 0.8992443324937027
disc_right:1829,	disc_all:1985,	discriminator acc:0.9214105793450882
precision:0.9271106449921342,	recall:0.9904761904761905,	F1:0.9577464788732394
TP:1768.0,TN:61.0,FN:17.0,FP:139.0
corrector_right: 165.0	corrector_total: 200.0	corrector acc: 0.825
final_code_right: 1841.0	final_code_total: 1985	final_code acc: 0.927455919395466
epoch:50,	loss_g:0,	loss_d:0,	loss_c:1.123276721657021
>>>>>>>>>>>>>>>>>>>start evaluate......
code_right: 1785.0	code_total: 1985	M-tree codes acc: 0.8992443324937027
disc_right:1829,	disc_all:1985,	discriminator acc:0.9214105793450882
precision:0.9271106449921342,	recall:0.9904761904761905,	F1:0.9577464788732394
TP:1768.0,TN:61.0,FN:17.0,FP:139.0
corrector_right: 164.0	corrector_total: 200.0	corrector acc: 0.82
final_code_right: 1839.0	final_code_total: 1985	final_code acc: 0.926448362720403
epoch:51,	loss_g:0,	loss_d:0,	loss_c:1.1339313643693458
>>>>>>>>>>>>>>>>>>>start evaluate......
code_right: 1785.0	code_total: 1985	M-tree codes acc: 0.8992443324937027
disc_right:1829,	disc_all:1985,	discriminator acc:0.9214105793450882
precision:0.9271106449921342,	recall:0.9904761904761905,	F1:0.9577464788732394
TP:1768.0,TN:61.0,FN:17.0,FP:139.0
corrector_right: 164.0	corrector_total: 200.0	corrector acc: 0.82
final_code_right: 1839.0	final_code_total: 1985	final_code acc: 0.926448362720403
epoch:52,	loss_g:0,	loss_d:0,	loss_c:1.1321477910969406
>>>>>>>>>>>>>>>>>>>start evaluate......
code_right: 1785.0	code_total: 1985	M-tree codes acc: 0.8992443324937027
disc_right:1829,	disc_all:1985,	discriminator acc:0.9214105793450882
precision:0.9271106449921342,	recall:0.9904761904761905,	F1:0.9577464788732394
TP:1768.0,TN:61.0,FN:17.0,FP:139.0
corrector_right: 169.0	corrector_total: 200.0	corrector acc: 0.845
final_code_right: 1841.0	final_code_total: 1985	final_code acc: 0.927455919395466
save best model to ./output/corrector4/best_model
epoch:53,	loss_g:0,	loss_d:0,	loss_c:1.1629677759774495
>>>>>>>>>>>>>>>>>>>start evaluate......
code_right: 1785.0	code_total: 1985	M-tree codes acc: 0.8992443324937027
disc_right:1829,	disc_all:1985,	discriminator acc:0.9214105793450882
precision:0.9271106449921342,	recall:0.9904761904761905,	F1:0.9577464788732394
TP:1768.0,TN:61.0,FN:17.0,FP:139.0
corrector_right: 164.0	corrector_total: 200.0	corrector acc: 0.82
final_code_right: 1839.0	final_code_total: 1985	final_code acc: 0.926448362720403
epoch:54,	loss_g:0,	loss_d:0,	loss_c:1.1562324533297215
>>>>>>>>>>>>>>>>>>>start evaluate......
code_right: 1785.0	code_total: 1985	M-tree codes acc: 0.8992443324937027
disc_right:1829,	disc_all:1985,	discriminator acc:0.9214105793450882
precision:0.9271106449921342,	recall:0.9904761904761905,	F1:0.9577464788732394
TP:1768.0,TN:61.0,FN:17.0,FP:139.0
corrector_right: 165.0	corrector_total: 200.0	corrector acc: 0.825
final_code_right: 1839.0	final_code_total: 1985	final_code acc: 0.926448362720403
epoch:55,	loss_g:0,	loss_d:0,	loss_c:1.1149258860386908
>>>>>>>>>>>>>>>>>>>start evaluate......
code_right: 1785.0	code_total: 1985	M-tree codes acc: 0.8992443324937027
disc_right:1829,	disc_all:1985,	discriminator acc:0.9214105793450882
precision:0.9271106449921342,	recall:0.9904761904761905,	F1:0.9577464788732394
TP:1768.0,TN:61.0,FN:17.0,FP:139.0
corrector_right: 166.0	corrector_total: 200.0	corrector acc: 0.83
final_code_right: 1841.0	final_code_total: 1985	final_code acc: 0.927455919395466
epoch:56,	loss_g:0,	loss_d:0,	loss_c:1.166554364055628
>>>>>>>>>>>>>>>>>>>start evaluate......
code_right: 1785.0	code_total: 1985	M-tree codes acc: 0.8992443324937027
disc_right:1829,	disc_all:1985,	discriminator acc:0.9214105793450882
precision:0.9271106449921342,	recall:0.9904761904761905,	F1:0.9577464788732394
TP:1768.0,TN:61.0,FN:17.0,FP:139.0
corrector_right: 167.0	corrector_total: 200.0	corrector acc: 0.835
final_code_right: 1841.0	final_code_total: 1985	final_code acc: 0.927455919395466
epoch:57,	loss_g:0,	loss_d:0,	loss_c:1.098111695057014
>>>>>>>>>>>>>>>>>>>start evaluate......
code_right: 1785.0	code_total: 1985	M-tree codes acc: 0.8992443324937027
disc_right:1829,	disc_all:1985,	discriminator acc:0.9214105793450882
precision:0.9271106449921342,	recall:0.9904761904761905,	F1:0.9577464788732394
TP:1768.0,TN:61.0,FN:17.0,FP:139.0
corrector_right: 164.0	corrector_total: 200.0	corrector acc: 0.82
final_code_right: 1839.0	final_code_total: 1985	final_code acc: 0.926448362720403
epoch:58,	loss_g:0,	loss_d:0,	loss_c:1.1101339399174321
>>>>>>>>>>>>>>>>>>>start evaluate......
code_right: 1785.0	code_total: 1985	M-tree codes acc: 0.8992443324937027
disc_right:1829,	disc_all:1985,	discriminator acc:0.9214105793450882
precision:0.9271106449921342,	recall:0.9904761904761905,	F1:0.9577464788732394
TP:1768.0,TN:61.0,FN:17.0,FP:139.0
corrector_right: 167.0	corrector_total: 200.0	corrector acc: 0.835
final_code_right: 1841.0	final_code_total: 1985	final_code acc: 0.927455919395466
epoch:59,	loss_g:0,	loss_d:0,	loss_c:1.1023217213805765
>>>>>>>>>>>>>>>>>>>start evaluate......
code_right: 1785.0	code_total: 1985	M-tree codes acc: 0.8992443324937027
disc_right:1829,	disc_all:1985,	discriminator acc:0.9214105793450882
precision:0.9271106449921342,	recall:0.9904761904761905,	F1:0.9577464788732394
TP:1768.0,TN:61.0,FN:17.0,FP:139.0
corrector_right: 166.0	corrector_total: 200.0	corrector acc: 0.83
final_code_right: 1840.0	final_code_total: 1985	final_code acc: 0.9269521410579346
epoch:60,	loss_g:0,	loss_d:0,	loss_c:1.1182793087791651
>>>>>>>>>>>>>>>>>>>start evaluate......
code_right: 1785.0	code_total: 1985	M-tree codes acc: 0.8992443324937027
disc_right:1829,	disc_all:1985,	discriminator acc:0.9214105793450882
precision:0.9271106449921342,	recall:0.9904761904761905,	F1:0.9577464788732394
TP:1768.0,TN:61.0,FN:17.0,FP:139.0
corrector_right: 164.0	corrector_total: 200.0	corrector acc: 0.82
final_code_right: 1839.0	final_code_total: 1985	final_code acc: 0.926448362720403
epoch:61,	loss_g:0,	loss_d:0,	loss_c:1.122582837502705
>>>>>>>>>>>>>>>>>>>start evaluate......
code_right: 1785.0	code_total: 1985	M-tree codes acc: 0.8992443324937027
disc_right:1829,	disc_all:1985,	discriminator acc:0.9214105793450882
precision:0.9271106449921342,	recall:0.9904761904761905,	F1:0.9577464788732394
TP:1768.0,TN:61.0,FN:17.0,FP:139.0
corrector_right: 163.0	corrector_total: 200.0	corrector acc: 0.815
final_code_right: 1840.0	final_code_total: 1985	final_code acc: 0.9269521410579346
epoch:62,	loss_g:0,	loss_d:0,	loss_c:1.0823601901065558
>>>>>>>>>>>>>>>>>>>start evaluate......
code_right: 1785.0	code_total: 1985	M-tree codes acc: 0.8992443324937027
disc_right:1829,	disc_all:1985,	discriminator acc:0.9214105793450882
precision:0.9271106449921342,	recall:0.9904761904761905,	F1:0.9577464788732394
TP:1768.0,TN:61.0,FN:17.0,FP:139.0
corrector_right: 164.0	corrector_total: 200.0	corrector acc: 0.82
final_code_right: 1840.0	final_code_total: 1985	final_code acc: 0.9269521410579346
epoch:63,	loss_g:0,	loss_d:0,	loss_c:1.1051162476069294
>>>>>>>>>>>>>>>>>>>start evaluate......
code_right: 1785.0	code_total: 1985	M-tree codes acc: 0.8992443324937027
disc_right:1829,	disc_all:1985,	discriminator acc:0.9214105793450882
precision:0.9271106449921342,	recall:0.9904761904761905,	F1:0.9577464788732394
TP:1768.0,TN:61.0,FN:17.0,FP:139.0
corrector_right: 164.0	corrector_total: 200.0	corrector acc: 0.82
final_code_right: 1839.0	final_code_total: 1985	final_code acc: 0.926448362720403
epoch:64,	loss_g:0,	loss_d:0,	loss_c:1.09769484231947
>>>>>>>>>>>>>>>>>>>start evaluate......
code_right: 1785.0	code_total: 1985	M-tree codes acc: 0.8992443324937027
disc_right:1829,	disc_all:1985,	discriminator acc:0.9214105793450882
precision:0.9271106449921342,	recall:0.9904761904761905,	F1:0.9577464788732394
TP:1768.0,TN:61.0,FN:17.0,FP:139.0
corrector_right: 168.0	corrector_total: 200.0	corrector acc: 0.84
final_code_right: 1841.0	final_code_total: 1985	final_code acc: 0.927455919395466
epoch:65,	loss_g:0,	loss_d:0,	loss_c:1.102860654995311
>>>>>>>>>>>>>>>>>>>start evaluate......
code_right: 1785.0	code_total: 1985	M-tree codes acc: 0.8992443324937027
disc_right:1829,	disc_all:1985,	discriminator acc:0.9214105793450882
precision:0.9271106449921342,	recall:0.9904761904761905,	F1:0.9577464788732394
TP:1768.0,TN:61.0,FN:17.0,FP:139.0
corrector_right: 164.0	corrector_total: 200.0	corrector acc: 0.82
final_code_right: 1839.0	final_code_total: 1985	final_code acc: 0.926448362720403
epoch:66,	loss_g:0,	loss_d:0,	loss_c:1.0906820252421312
>>>>>>>>>>>>>>>>>>>start evaluate......
code_right: 1785.0	code_total: 1985	M-tree codes acc: 0.8992443324937027
disc_right:1829,	disc_all:1985,	discriminator acc:0.9214105793450882
precision:0.9271106449921342,	recall:0.9904761904761905,	F1:0.9577464788732394
TP:1768.0,TN:61.0,FN:17.0,FP:139.0
corrector_right: 163.0	corrector_total: 200.0	corrector acc: 0.815
final_code_right: 1839.0	final_code_total: 1985	final_code acc: 0.926448362720403
epoch:67,	loss_g:0,	loss_d:0,	loss_c:1.067693890305236
>>>>>>>>>>>>>>>>>>>start evaluate......
code_right: 1785.0	code_total: 1985	M-tree codes acc: 0.8992443324937027
disc_right:1829,	disc_all:1985,	discriminator acc:0.9214105793450882
precision:0.9271106449921342,	recall:0.9904761904761905,	F1:0.9577464788732394
TP:1768.0,TN:61.0,FN:17.0,FP:139.0
corrector_right: 166.0	corrector_total: 200.0	corrector acc: 0.83
final_code_right: 1841.0	final_code_total: 1985	final_code acc: 0.927455919395466
epoch:68,	loss_g:0,	loss_d:0,	loss_c:1.105427086353302
>>>>>>>>>>>>>>>>>>>start evaluate......
code_right: 1785.0	code_total: 1985	M-tree codes acc: 0.8992443324937027
disc_right:1829,	disc_all:1985,	discriminator acc:0.9214105793450882
precision:0.9271106449921342,	recall:0.9904761904761905,	F1:0.9577464788732394
TP:1768.0,TN:61.0,FN:17.0,FP:139.0
corrector_right: 165.0	corrector_total: 200.0	corrector acc: 0.825
final_code_right: 1838.0	final_code_total: 1985	final_code acc: 0.9259445843828715
epoch:69,	loss_g:0,	loss_d:0,	loss_c:1.119419520284282
>>>>>>>>>>>>>>>>>>>start evaluate......
code_right: 1785.0	code_total: 1985	M-tree codes acc: 0.8992443324937027
disc_right:1829,	disc_all:1985,	discriminator acc:0.9214105793450882
precision:0.9271106449921342,	recall:0.9904761904761905,	F1:0.9577464788732394
TP:1768.0,TN:61.0,FN:17.0,FP:139.0
corrector_right: 164.0	corrector_total: 200.0	corrector acc: 0.82
final_code_right: 1839.0	final_code_total: 1985	final_code acc: 0.926448362720403
epoch:70,	loss_g:0,	loss_d:0,	loss_c:1.1345798861875664
>>>>>>>>>>>>>>>>>>>start evaluate......
code_right: 1785.0	code_total: 1985	M-tree codes acc: 0.8992443324937027
disc_right:1829,	disc_all:1985,	discriminator acc:0.9214105793450882
precision:0.9271106449921342,	recall:0.9904761904761905,	F1:0.9577464788732394
TP:1768.0,TN:61.0,FN:17.0,FP:139.0
corrector_right: 166.0	corrector_total: 200.0	corrector acc: 0.83
final_code_right: 1840.0	final_code_total: 1985	final_code acc: 0.9269521410579346
epoch:71,	loss_g:0,	loss_d:0,	loss_c:1.0922288124565966
>>>>>>>>>>>>>>>>>>>start evaluate......
code_right: 1785.0	code_total: 1985	M-tree codes acc: 0.8992443324937027
disc_right:1829,	disc_all:1985,	discriminator acc:0.9214105793450882
precision:0.9271106449921342,	recall:0.9904761904761905,	F1:0.9577464788732394
TP:1768.0,TN:61.0,FN:17.0,FP:139.0
corrector_right: 166.0	corrector_total: 200.0	corrector acc: 0.83
final_code_right: 1841.0	final_code_total: 1985	final_code acc: 0.927455919395466
epoch:72,	loss_g:0,	loss_d:0,	loss_c:1.1204049599473365
>>>>>>>>>>>>>>>>>>>start evaluate......
code_right: 1785.0	code_total: 1985	M-tree codes acc: 0.8992443324937027
disc_right:1829,	disc_all:1985,	discriminator acc:0.9214105793450882
precision:0.9271106449921342,	recall:0.9904761904761905,	F1:0.9577464788732394
TP:1768.0,TN:61.0,FN:17.0,FP:139.0
corrector_right: 166.0	corrector_total: 200.0	corrector acc: 0.83
final_code_right: 1841.0	final_code_total: 1985	final_code acc: 0.927455919395466
epoch:73,	loss_g:0,	loss_d:0,	loss_c:1.0918113137304317
>>>>>>>>>>>>>>>>>>>start evaluate......
code_right: 1785.0	code_total: 1985	M-tree codes acc: 0.8992443324937027
disc_right:1829,	disc_all:1985,	discriminator acc:0.9214105793450882
precision:0.9271106449921342,	recall:0.9904761904761905,	F1:0.9577464788732394
TP:1768.0,TN:61.0,FN:17.0,FP:139.0
corrector_right: 165.0	corrector_total: 200.0	corrector acc: 0.825
final_code_right: 1840.0	final_code_total: 1985	final_code acc: 0.9269521410579346
epoch:74,	loss_g:0,	loss_d:0,	loss_c:1.0837025286455173
>>>>>>>>>>>>>>>>>>>start evaluate......
code_right: 1785.0	code_total: 1985	M-tree codes acc: 0.8992443324937027
disc_right:1829,	disc_all:1985,	discriminator acc:0.9214105793450882
precision:0.9271106449921342,	recall:0.9904761904761905,	F1:0.9577464788732394
TP:1768.0,TN:61.0,FN:17.0,FP:139.0
corrector_right: 165.0	corrector_total: 200.0	corrector acc: 0.825
final_code_right: 1839.0	final_code_total: 1985	final_code acc: 0.926448362720403
epoch:75,	loss_g:0,	loss_d:0,	loss_c:1.0748432753316592
>>>>>>>>>>>>>>>>>>>start evaluate......
code_right: 1785.0	code_total: 1985	M-tree codes acc: 0.8992443324937027
disc_right:1829,	disc_all:1985,	discriminator acc:0.9214105793450882
precision:0.9271106449921342,	recall:0.9904761904761905,	F1:0.9577464788732394
TP:1768.0,TN:61.0,FN:17.0,FP:139.0
corrector_right: 167.0	corrector_total: 200.0	corrector acc: 0.835
final_code_right: 1839.0	final_code_total: 1985	final_code acc: 0.926448362720403
epoch:76,	loss_g:0,	loss_d:0,	loss_c:1.0560901355638634
>>>>>>>>>>>>>>>>>>>start evaluate......
code_right: 1785.0	code_total: 1985	M-tree codes acc: 0.8992443324937027
disc_right:1829,	disc_all:1985,	discriminator acc:0.9214105793450882
precision:0.9271106449921342,	recall:0.9904761904761905,	F1:0.9577464788732394
TP:1768.0,TN:61.0,FN:17.0,FP:139.0
corrector_right: 164.0	corrector_total: 200.0	corrector acc: 0.82
final_code_right: 1839.0	final_code_total: 1985	final_code acc: 0.926448362720403
epoch:77,	loss_g:0,	loss_d:0,	loss_c:1.061569929937832
>>>>>>>>>>>>>>>>>>>start evaluate......
code_right: 1785.0	code_total: 1985	M-tree codes acc: 0.8992443324937027
disc_right:1829,	disc_all:1985,	discriminator acc:0.9214105793450882
precision:0.9271106449921342,	recall:0.9904761904761905,	F1:0.9577464788732394
TP:1768.0,TN:61.0,FN:17.0,FP:139.0
corrector_right: 167.0	corrector_total: 200.0	corrector acc: 0.835
final_code_right: 1841.0	final_code_total: 1985	final_code acc: 0.927455919395466
epoch:78,	loss_g:0,	loss_d:0,	loss_c:1.0900460003613262
>>>>>>>>>>>>>>>>>>>start evaluate......
code_right: 1785.0	code_total: 1985	M-tree codes acc: 0.8992443324937027
disc_right:1829,	disc_all:1985,	discriminator acc:0.9214105793450882
precision:0.9271106449921342,	recall:0.9904761904761905,	F1:0.9577464788732394
TP:1768.0,TN:61.0,FN:17.0,FP:139.0
corrector_right: 165.0	corrector_total: 200.0	corrector acc: 0.825
final_code_right: 1839.0	final_code_total: 1985	final_code acc: 0.926448362720403
epoch:79,	loss_g:0,	loss_d:0,	loss_c:1.0797874918207526
>>>>>>>>>>>>>>>>>>>start evaluate......
code_right: 1785.0	code_total: 1985	M-tree codes acc: 0.8992443324937027
disc_right:1829,	disc_all:1985,	discriminator acc:0.9214105793450882
precision:0.9271106449921342,	recall:0.9904761904761905,	F1:0.9577464788732394
TP:1768.0,TN:61.0,FN:17.0,FP:139.0
corrector_right: 163.0	corrector_total: 200.0	corrector acc: 0.815
final_code_right: 1837.0	final_code_total: 1985	final_code acc: 0.9254408060453401
epoch:80,	loss_g:0,	loss_d:0,	loss_c:2.0039203234919114
>>>>>>>>>>>>>>>>>>>start evaluate......
code_right: 1785.0	code_total: 1985	M-tree codes acc: 0.8992443324937027
disc_right:1829,	disc_all:1985,	discriminator acc:0.9214105793450882
precision:0.9271106449921342,	recall:0.9904761904761905,	F1:0.9577464788732394
TP:1768.0,TN:61.0,FN:17.0,FP:139.0
corrector_right: 164.0	corrector_total: 200.0	corrector acc: 0.82
final_code_right: 1838.0	final_code_total: 1985	final_code acc: 0.9259445843828715
epoch:81,	loss_g:0,	loss_d:0,	loss_c:1.0863987838383764
>>>>>>>>>>>>>>>>>>>start evaluate......
code_right: 1785.0	code_total: 1985	M-tree codes acc: 0.8992443324937027
disc_right:1829,	disc_all:1985,	discriminator acc:0.9214105793450882
precision:0.9271106449921342,	recall:0.9904761904761905,	F1:0.9577464788732394
TP:1768.0,TN:61.0,FN:17.0,FP:139.0
corrector_right: 162.0	corrector_total: 200.0	corrector acc: 0.81
final_code_right: 1838.0	final_code_total: 1985	final_code acc: 0.9259445843828715
epoch:82,	loss_g:0,	loss_d:0,	loss_c:1.0869172032398637
>>>>>>>>>>>>>>>>>>>start evaluate......
code_right: 1785.0	code_total: 1985	M-tree codes acc: 0.8992443324937027
disc_right:1829,	disc_all:1985,	discriminator acc:0.9214105793450882
precision:0.9271106449921342,	recall:0.9904761904761905,	F1:0.9577464788732394
TP:1768.0,TN:61.0,FN:17.0,FP:139.0
corrector_right: 165.0	corrector_total: 200.0	corrector acc: 0.825
final_code_right: 1840.0	final_code_total: 1985	final_code acc: 0.9269521410579346
epoch:83,	loss_g:0,	loss_d:0,	loss_c:1.0430077045748476
>>>>>>>>>>>>>>>>>>>start evaluate......
code_right: 1785.0	code_total: 1985	M-tree codes acc: 0.8992443324937027
disc_right:1829,	disc_all:1985,	discriminator acc:0.9214105793450882
precision:0.9271106449921342,	recall:0.9904761904761905,	F1:0.9577464788732394
TP:1768.0,TN:61.0,FN:17.0,FP:139.0
corrector_right: 166.0	corrector_total: 200.0	corrector acc: 0.83
final_code_right: 1839.0	final_code_total: 1985	final_code acc: 0.926448362720403
epoch:84,	loss_g:0,	loss_d:0,	loss_c:1.0649419663968729
>>>>>>>>>>>>>>>>>>>start evaluate......
code_right: 1785.0	code_total: 1985	M-tree codes acc: 0.8992443324937027
disc_right:1829,	disc_all:1985,	discriminator acc:0.9214105793450882
precision:0.9271106449921342,	recall:0.9904761904761905,	F1:0.9577464788732394
TP:1768.0,TN:61.0,FN:17.0,FP:139.0
corrector_right: 163.0	corrector_total: 200.0	corrector acc: 0.815
final_code_right: 1837.0	final_code_total: 1985	final_code acc: 0.9254408060453401
epoch:85,	loss_g:0,	loss_d:0,	loss_c:1.0609049625927582
>>>>>>>>>>>>>>>>>>>start evaluate......
code_right: 1785.0	code_total: 1985	M-tree codes acc: 0.8992443324937027
disc_right:1829,	disc_all:1985,	discriminator acc:0.9214105793450882
precision:0.9271106449921342,	recall:0.9904761904761905,	F1:0.9577464788732394
TP:1768.0,TN:61.0,FN:17.0,FP:139.0
corrector_right: 165.0	corrector_total: 200.0	corrector acc: 0.825
final_code_right: 1840.0	final_code_total: 1985	final_code acc: 0.9269521410579346
epoch:86,	loss_g:0,	loss_d:0,	loss_c:1.067183917912189
>>>>>>>>>>>>>>>>>>>start evaluate......
code_right: 1785.0	code_total: 1985	M-tree codes acc: 0.8992443324937027
disc_right:1829,	disc_all:1985,	discriminator acc:0.9214105793450882
precision:0.9271106449921342,	recall:0.9904761904761905,	F1:0.9577464788732394
TP:1768.0,TN:61.0,FN:17.0,FP:139.0
corrector_right: 163.0	corrector_total: 200.0	corrector acc: 0.815
final_code_right: 1837.0	final_code_total: 1985	final_code acc: 0.9254408060453401
epoch:87,	loss_g:0,	loss_d:0,	loss_c:1.0488047729595564
>>>>>>>>>>>>>>>>>>>start evaluate......
code_right: 1785.0	code_total: 1985	M-tree codes acc: 0.8992443324937027
disc_right:1829,	disc_all:1985,	discriminator acc:0.9214105793450882
precision:0.9271106449921342,	recall:0.9904761904761905,	F1:0.9577464788732394
TP:1768.0,TN:61.0,FN:17.0,FP:139.0
corrector_right: 166.0	corrector_total: 200.0	corrector acc: 0.83
final_code_right: 1840.0	final_code_total: 1985	final_code acc: 0.9269521410579346
epoch:88,	loss_g:0,	loss_d:0,	loss_c:1.0538573335215915
>>>>>>>>>>>>>>>>>>>start evaluate......
code_right: 1785.0	code_total: 1985	M-tree codes acc: 0.8992443324937027
disc_right:1829,	disc_all:1985,	discriminator acc:0.9214105793450882
precision:0.9271106449921342,	recall:0.9904761904761905,	F1:0.9577464788732394
TP:1768.0,TN:61.0,FN:17.0,FP:139.0
corrector_right: 163.0	corrector_total: 200.0	corrector acc: 0.815
final_code_right: 1837.0	final_code_total: 1985	final_code acc: 0.9254408060453401
epoch:89,	loss_g:0,	loss_d:0,	loss_c:1.095079151011305
>>>>>>>>>>>>>>>>>>>start evaluate......
code_right: 1785.0	code_total: 1985	M-tree codes acc: 0.8992443324937027
disc_right:1829,	disc_all:1985,	discriminator acc:0.9214105793450882
precision:0.9271106449921342,	recall:0.9904761904761905,	F1:0.9577464788732394
TP:1768.0,TN:61.0,FN:17.0,FP:139.0
corrector_right: 163.0	corrector_total: 200.0	corrector acc: 0.815
final_code_right: 1838.0	final_code_total: 1985	final_code acc: 0.9259445843828715
epoch:90,	loss_g:0,	loss_d:0,	loss_c:1.034610919014085
>>>>>>>>>>>>>>>>>>>start evaluate......
code_right: 1785.0	code_total: 1985	M-tree codes acc: 0.8992443324937027
disc_right:1829,	disc_all:1985,	discriminator acc:0.9214105793450882
precision:0.9271106449921342,	recall:0.9904761904761905,	F1:0.9577464788732394
TP:1768.0,TN:61.0,FN:17.0,FP:139.0
corrector_right: 159.0	corrector_total: 200.0	corrector acc: 0.795
final_code_right: 1835.0	final_code_total: 1985	final_code acc: 0.924433249370277
epoch:91,	loss_g:0,	loss_d:0,	loss_c:1.1006868883268908
>>>>>>>>>>>>>>>>>>>start evaluate......
code_right: 1785.0	code_total: 1985	M-tree codes acc: 0.8992443324937027
disc_right:1829,	disc_all:1985,	discriminator acc:0.9214105793450882
precision:0.9271106449921342,	recall:0.9904761904761905,	F1:0.9577464788732394
TP:1768.0,TN:61.0,FN:17.0,FP:139.0
corrector_right: 161.0	corrector_total: 200.0	corrector acc: 0.805
final_code_right: 1837.0	final_code_total: 1985	final_code acc: 0.9254408060453401
epoch:92,	loss_g:0,	loss_d:0,	loss_c:1.0706648864143062
>>>>>>>>>>>>>>>>>>>start evaluate......
code_right: 1785.0	code_total: 1985	M-tree codes acc: 0.8992443324937027
disc_right:1829,	disc_all:1985,	discriminator acc:0.9214105793450882
precision:0.9271106449921342,	recall:0.9904761904761905,	F1:0.9577464788732394
TP:1768.0,TN:61.0,FN:17.0,FP:139.0
corrector_right: 162.0	corrector_total: 200.0	corrector acc: 0.81
final_code_right: 1837.0	final_code_total: 1985	final_code acc: 0.9254408060453401
epoch:93,	loss_g:0,	loss_d:0,	loss_c:1.034485264972318
>>>>>>>>>>>>>>>>>>>start evaluate......
code_right: 1785.0	code_total: 1985	M-tree codes acc: 0.8992443324937027
disc_right:1829,	disc_all:1985,	discriminator acc:0.9214105793450882
precision:0.9271106449921342,	recall:0.9904761904761905,	F1:0.9577464788732394
TP:1768.0,TN:61.0,FN:17.0,FP:139.0
corrector_right: 162.0	corrector_total: 200.0	corrector acc: 0.81
final_code_right: 1837.0	final_code_total: 1985	final_code acc: 0.9254408060453401
epoch:94,	loss_g:0,	loss_d:0,	loss_c:1.0469957947498187
>>>>>>>>>>>>>>>>>>>start evaluate......
code_right: 1785.0	code_total: 1985	M-tree codes acc: 0.8992443324937027
disc_right:1829,	disc_all:1985,	discriminator acc:0.9214105793450882
precision:0.9271106449921342,	recall:0.9904761904761905,	F1:0.9577464788732394
TP:1768.0,TN:61.0,FN:17.0,FP:139.0
corrector_right: 160.0	corrector_total: 200.0	corrector acc: 0.8
final_code_right: 1835.0	final_code_total: 1985	final_code acc: 0.924433249370277
epoch:95,	loss_g:0,	loss_d:0,	loss_c:1.0925798406242393
>>>>>>>>>>>>>>>>>>>start evaluate......
code_right: 1785.0	code_total: 1985	M-tree codes acc: 0.8992443324937027
disc_right:1829,	disc_all:1985,	discriminator acc:0.9214105793450882
precision:0.9271106449921342,	recall:0.9904761904761905,	F1:0.9577464788732394
TP:1768.0,TN:61.0,FN:17.0,FP:139.0
corrector_right: 160.0	corrector_total: 200.0	corrector acc: 0.8
final_code_right: 1835.0	final_code_total: 1985	final_code acc: 0.924433249370277
epoch:96,	loss_g:0,	loss_d:0,	loss_c:1.0454962441290263
>>>>>>>>>>>>>>>>>>>start evaluate......
code_right: 1785.0	code_total: 1985	M-tree codes acc: 0.8992443324937027
disc_right:1829,	disc_all:1985,	discriminator acc:0.9214105793450882
precision:0.9271106449921342,	recall:0.9904761904761905,	F1:0.9577464788732394
TP:1768.0,TN:61.0,FN:17.0,FP:139.0
corrector_right: 159.0	corrector_total: 200.0	corrector acc: 0.795
final_code_right: 1835.0	final_code_total: 1985	final_code acc: 0.924433249370277
epoch:97,	loss_g:0,	loss_d:0,	loss_c:1.0495806259277742
>>>>>>>>>>>>>>>>>>>start evaluate......
code_right: 1785.0	code_total: 1985	M-tree codes acc: 0.8992443324937027
disc_right:1829,	disc_all:1985,	discriminator acc:0.9214105793450882
precision:0.9271106449921342,	recall:0.9904761904761905,	F1:0.9577464788732394
TP:1768.0,TN:61.0,FN:17.0,FP:139.0
corrector_right: 162.0	corrector_total: 200.0	corrector acc: 0.81
final_code_right: 1837.0	final_code_total: 1985	final_code acc: 0.9254408060453401
epoch:98,	loss_g:0,	loss_d:0,	loss_c:1.0654852242441848
>>>>>>>>>>>>>>>>>>>start evaluate......
code_right: 1785.0	code_total: 1985	M-tree codes acc: 0.8992443324937027
disc_right:1829,	disc_all:1985,	discriminator acc:0.9214105793450882
precision:0.9271106449921342,	recall:0.9904761904761905,	F1:0.9577464788732394
TP:1768.0,TN:61.0,FN:17.0,FP:139.0
corrector_right: 160.0	corrector_total: 200.0	corrector acc: 0.8
final_code_right: 1835.0	final_code_total: 1985	final_code acc: 0.924433249370277
epoch:99,	loss_g:0,	loss_d:0,	loss_c:1.0078154761577025
>>>>>>>>>>>>>>>>>>>start evaluate......
code_right: 1785.0	code_total: 1985	M-tree codes acc: 0.8992443324937027
disc_right:1829,	disc_all:1985,	discriminator acc:0.9214105793450882
precision:0.9271106449921342,	recall:0.9904761904761905,	F1:0.9577464788732394
TP:1768.0,TN:61.0,FN:17.0,FP:139.0
corrector_right: 160.0	corrector_total: 200.0	corrector acc: 0.8
final_code_right: 1835.0	final_code_total: 1985	final_code acc: 0.924433249370277
epoch:100,	loss_g:0,	loss_d:0,	loss_c:1.0815977644815575
>>>>>>>>>>>>>>>>>>>start evaluate......
code_right: 1785.0	code_total: 1985	M-tree codes acc: 0.8992443324937027
disc_right:1829,	disc_all:1985,	discriminator acc:0.9214105793450882
precision:0.9271106449921342,	recall:0.9904761904761905,	F1:0.9577464788732394
TP:1768.0,TN:61.0,FN:17.0,FP:139.0
corrector_right: 161.0	corrector_total: 200.0	corrector acc: 0.805
final_code_right: 1837.0	final_code_total: 1985	final_code acc: 0.9254408060453401
epoch:101,	loss_g:0,	loss_d:0,	loss_c:1.0463710915355477
>>>>>>>>>>>>>>>>>>>start evaluate......
code_right: 1785.0	code_total: 1985	M-tree codes acc: 0.8992443324937027
disc_right:1829,	disc_all:1985,	discriminator acc:0.9214105793450882
precision:0.9271106449921342,	recall:0.9904761904761905,	F1:0.9577464788732394
TP:1768.0,TN:61.0,FN:17.0,FP:139.0
corrector_right: 157.0	corrector_total: 200.0	corrector acc: 0.785
final_code_right: 1833.0	final_code_total: 1985	final_code acc: 0.9234256926952141
epoch:102,	loss_g:0,	loss_d:0,	loss_c:1.0475797448016237
>>>>>>>>>>>>>>>>>>>start evaluate......
code_right: 1785.0	code_total: 1985	M-tree codes acc: 0.8992443324937027
disc_right:1829,	disc_all:1985,	discriminator acc:0.9214105793450882
precision:0.9271106449921342,	recall:0.9904761904761905,	F1:0.9577464788732394
TP:1768.0,TN:61.0,FN:17.0,FP:139.0
corrector_right: 162.0	corrector_total: 200.0	corrector acc: 0.81
final_code_right: 1835.0	final_code_total: 1985	final_code acc: 0.924433249370277
epoch:103,	loss_g:0,	loss_d:0,	loss_c:0.984933631538297
>>>>>>>>>>>>>>>>>>>start evaluate......
code_right: 1785.0	code_total: 1985	M-tree codes acc: 0.8992443324937027
disc_right:1829,	disc_all:1985,	discriminator acc:0.9214105793450882
precision:0.9271106449921342,	recall:0.9904761904761905,	F1:0.9577464788732394
TP:1768.0,TN:61.0,FN:17.0,FP:139.0
corrector_right: 162.0	corrector_total: 200.0	corrector acc: 0.81
final_code_right: 1837.0	final_code_total: 1985	final_code acc: 0.9254408060453401
epoch:104,	loss_g:0,	loss_d:0,	loss_c:1.0124468379945029
>>>>>>>>>>>>>>>>>>>start evaluate......
code_right: 1785.0	code_total: 1985	M-tree codes acc: 0.8992443324937027
disc_right:1829,	disc_all:1985,	discriminator acc:0.9214105793450882
precision:0.9271106449921342,	recall:0.9904761904761905,	F1:0.9577464788732394
TP:1768.0,TN:61.0,FN:17.0,FP:139.0
corrector_right: 164.0	corrector_total: 200.0	corrector acc: 0.82
final_code_right: 1837.0	final_code_total: 1985	final_code acc: 0.9254408060453401
epoch:105,	loss_g:0,	loss_d:0,	loss_c:1.038167121951119
>>>>>>>>>>>>>>>>>>>start evaluate......
code_right: 1785.0	code_total: 1985	M-tree codes acc: 0.8992443324937027
disc_right:1829,	disc_all:1985,	discriminator acc:0.9214105793450882
precision:0.9271106449921342,	recall:0.9904761904761905,	F1:0.9577464788732394
TP:1768.0,TN:61.0,FN:17.0,FP:139.0
corrector_right: 161.0	corrector_total: 200.0	corrector acc: 0.805
final_code_right: 1835.0	final_code_total: 1985	final_code acc: 0.924433249370277
epoch:106,	loss_g:0,	loss_d:0,	loss_c:1.0421080104715656
>>>>>>>>>>>>>>>>>>>start evaluate......
code_right: 1785.0	code_total: 1985	M-tree codes acc: 0.8992443324937027
disc_right:1829,	disc_all:1985,	discriminator acc:0.9214105793450882
precision:0.9271106449921342,	recall:0.9904761904761905,	F1:0.9577464788732394
TP:1768.0,TN:61.0,FN:17.0,FP:139.0
corrector_right: 161.0	corrector_total: 200.0	corrector acc: 0.805
final_code_right: 1835.0	final_code_total: 1985	final_code acc: 0.924433249370277
epoch:107,	loss_g:0,	loss_d:0,	loss_c:1.030913332826458
>>>>>>>>>>>>>>>>>>>start evaluate......
code_right: 1785.0	code_total: 1985	M-tree codes acc: 0.8992443324937027
disc_right:1829,	disc_all:1985,	discriminator acc:0.9214105793450882
precision:0.9271106449921342,	recall:0.9904761904761905,	F1:0.9577464788732394
TP:1768.0,TN:61.0,FN:17.0,FP:139.0
corrector_right: 161.0	corrector_total: 200.0	corrector acc: 0.805
final_code_right: 1835.0	final_code_total: 1985	final_code acc: 0.924433249370277
epoch:108,	loss_g:0,	loss_d:0,	loss_c:1.0363874264003243
>>>>>>>>>>>>>>>>>>>start evaluate......
code_right: 1785.0	code_total: 1985	M-tree codes acc: 0.8992443324937027
disc_right:1829,	disc_all:1985,	discriminator acc:0.9214105793450882
precision:0.9271106449921342,	recall:0.9904761904761905,	F1:0.9577464788732394
TP:1768.0,TN:61.0,FN:17.0,FP:139.0
corrector_right: 161.0	corrector_total: 200.0	corrector acc: 0.805
final_code_right: 1835.0	final_code_total: 1985	final_code acc: 0.924433249370277
epoch:109,	loss_g:0,	loss_d:0,	loss_c:1.0291973835264798
>>>>>>>>>>>>>>>>>>>start evaluate......
code_right: 1785.0	code_total: 1985	M-tree codes acc: 0.8992443324937027
disc_right:1829,	disc_all:1985,	discriminator acc:0.9214105793450882
precision:0.9271106449921342,	recall:0.9904761904761905,	F1:0.9577464788732394
TP:1768.0,TN:61.0,FN:17.0,FP:139.0
corrector_right: 161.0	corrector_total: 200.0	corrector acc: 0.805
final_code_right: 1835.0	final_code_total: 1985	final_code acc: 0.924433249370277
epoch:110,	loss_g:0,	loss_d:0,	loss_c:1.0525784420606215
>>>>>>>>>>>>>>>>>>>start evaluate......
code_right: 1785.0	code_total: 1985	M-tree codes acc: 0.8992443324937027
disc_right:1829,	disc_all:1985,	discriminator acc:0.9214105793450882
precision:0.9271106449921342,	recall:0.9904761904761905,	F1:0.9577464788732394
TP:1768.0,TN:61.0,FN:17.0,FP:139.0
corrector_right: 161.0	corrector_total: 200.0	corrector acc: 0.805
final_code_right: 1835.0	final_code_total: 1985	final_code acc: 0.924433249370277
epoch:111,	loss_g:0,	loss_d:0,	loss_c:1.0159551132819615
>>>>>>>>>>>>>>>>>>>start evaluate......
code_right: 1785.0	code_total: 1985	M-tree codes acc: 0.8992443324937027
disc_right:1829,	disc_all:1985,	discriminator acc:0.9214105793450882
precision:0.9271106449921342,	recall:0.9904761904761905,	F1:0.9577464788732394
TP:1768.0,TN:61.0,FN:17.0,FP:139.0
corrector_right: 162.0	corrector_total: 200.0	corrector acc: 0.81
final_code_right: 1835.0	final_code_total: 1985	final_code acc: 0.924433249370277
epoch:112,	loss_g:0,	loss_d:0,	loss_c:1.0347991767339408
>>>>>>>>>>>>>>>>>>>start evaluate......
code_right: 1785.0	code_total: 1985	M-tree codes acc: 0.8992443324937027
disc_right:1829,	disc_all:1985,	discriminator acc:0.9214105793450882
precision:0.9271106449921342,	recall:0.9904761904761905,	F1:0.9577464788732394
TP:1768.0,TN:61.0,FN:17.0,FP:139.0
corrector_right: 161.0	corrector_total: 200.0	corrector acc: 0.805
final_code_right: 1835.0	final_code_total: 1985	final_code acc: 0.924433249370277
epoch:113,	loss_g:0,	loss_d:0,	loss_c:1.0145731316588353
>>>>>>>>>>>>>>>>>>>start evaluate......
code_right: 1785.0	code_total: 1985	M-tree codes acc: 0.8992443324937027
disc_right:1829,	disc_all:1985,	discriminator acc:0.9214105793450882
precision:0.9271106449921342,	recall:0.9904761904761905,	F1:0.9577464788732394
TP:1768.0,TN:61.0,FN:17.0,FP:139.0
corrector_right: 163.0	corrector_total: 200.0	corrector acc: 0.815
final_code_right: 1837.0	final_code_total: 1985	final_code acc: 0.9254408060453401
epoch:114,	loss_g:0,	loss_d:0,	loss_c:1.03210616861179
>>>>>>>>>>>>>>>>>>>start evaluate......
code_right: 1785.0	code_total: 1985	M-tree codes acc: 0.8992443324937027
disc_right:1829,	disc_all:1985,	discriminator acc:0.9214105793450882
precision:0.9271106449921342,	recall:0.9904761904761905,	F1:0.9577464788732394
TP:1768.0,TN:61.0,FN:17.0,FP:139.0
corrector_right: 162.0	corrector_total: 200.0	corrector acc: 0.81
final_code_right: 1837.0	final_code_total: 1985	final_code acc: 0.9254408060453401
epoch:115,	loss_g:0,	loss_d:0,	loss_c:1.0416756854392588
>>>>>>>>>>>>>>>>>>>start evaluate......
code_right: 1785.0	code_total: 1985	M-tree codes acc: 0.8992443324937027
disc_right:1829,	disc_all:1985,	discriminator acc:0.9214105793450882
precision:0.9271106449921342,	recall:0.9904761904761905,	F1:0.9577464788732394
TP:1768.0,TN:61.0,FN:17.0,FP:139.0
corrector_right: 161.0	corrector_total: 200.0	corrector acc: 0.805
final_code_right: 1835.0	final_code_total: 1985	final_code acc: 0.924433249370277
epoch:116,	loss_g:0,	loss_d:0,	loss_c:1.0270771564246388
>>>>>>>>>>>>>>>>>>>start evaluate......
code_right: 1785.0	code_total: 1985	M-tree codes acc: 0.8992443324937027
disc_right:1829,	disc_all:1985,	discriminator acc:0.9214105793450882
precision:0.9271106449921342,	recall:0.9904761904761905,	F1:0.9577464788732394
TP:1768.0,TN:61.0,FN:17.0,FP:139.0
corrector_right: 161.0	corrector_total: 200.0	corrector acc: 0.805
final_code_right: 1835.0	final_code_total: 1985	final_code acc: 0.924433249370277
epoch:117,	loss_g:0,	loss_d:0,	loss_c:1.02748494464322
>>>>>>>>>>>>>>>>>>>start evaluate......
code_right: 1785.0	code_total: 1985	M-tree codes acc: 0.8992443324937027
disc_right:1829,	disc_all:1985,	discriminator acc:0.9214105793450882
precision:0.9271106449921342,	recall:0.9904761904761905,	F1:0.9577464788732394
TP:1768.0,TN:61.0,FN:17.0,FP:139.0
corrector_right: 163.0	corrector_total: 200.0	corrector acc: 0.815
final_code_right: 1837.0	final_code_total: 1985	final_code acc: 0.9254408060453401
epoch:118,	loss_g:0,	loss_d:0,	loss_c:1.019446621852694
>>>>>>>>>>>>>>>>>>>start evaluate......
code_right: 1785.0	code_total: 1985	M-tree codes acc: 0.8992443324937027
disc_right:1829,	disc_all:1985,	discriminator acc:0.9214105793450882
precision:0.9271106449921342,	recall:0.9904761904761905,	F1:0.9577464788732394
TP:1768.0,TN:61.0,FN:17.0,FP:139.0
corrector_right: 160.0	corrector_total: 200.0	corrector acc: 0.8
final_code_right: 1835.0	final_code_total: 1985	final_code acc: 0.924433249370277
epoch:119,	loss_g:0,	loss_d:0,	loss_c:1.0174405902798753
>>>>>>>>>>>>>>>>>>>start evaluate......
code_right: 1785.0	code_total: 1985	M-tree codes acc: 0.8992443324937027
disc_right:1829,	disc_all:1985,	discriminator acc:0.9214105793450882
precision:0.9271106449921342,	recall:0.9904761904761905,	F1:0.9577464788732394
TP:1768.0,TN:61.0,FN:17.0,FP:139.0
corrector_right: 162.0	corrector_total: 200.0	corrector acc: 0.81
final_code_right: 1837.0	final_code_total: 1985	final_code acc: 0.9254408060453401
after process dataset len: 431
total passed: 0
